<?xml version="1.0" encoding="UTF-8"?>
<testsuites>
  <testsuite name="I:\proyectos\SuperIA\phpunit.xml" tests="699" assertions="1369" errors="0" failures="0" skipped="0" time="381.777641">
    <testsuite name="Unit" tests="334" assertions="610" errors="0" failures="0" skipped="0" time="142.895562">
      <testsuite name="Tests\Unit\ExampleTest" file="I:\proyectos\SuperIA\tests\Unit\ExampleTest.php" tests="1" assertions="1" errors="0" failures="0" skipped="0" time="0.027863">
        <testcase name="test_that_true_is_true" file="I:\proyectos\SuperIA\tests\Unit\ExampleTest.php" line="12" class="Tests\Unit\ExampleTest" classname="Tests.Unit.ExampleTest" assertions="1" time="0.027863"/>
      </testsuite>
      <testsuite name="Tests\Unit\Middleware\JwtVersionCheckTest" file="I:\proyectos\SuperIA\tests\Unit\Middleware\JwtVersionCheckTest.php" tests="3" assertions="4" errors="0" failures="0" skipped="0" time="2.949265">
        <testcase name="test_allows_request_with_matching_jwt_version" file="I:\proyectos\SuperIA\tests\Unit\Middleware\JwtVersionCheckTest.php" line="14" class="Tests\Unit\Middleware\JwtVersionCheckTest" classname="Tests.Unit.Middleware.JwtVersionCheckTest" assertions="1" time="2.114785"/>
        <testcase name="test_rejects_request_with_stale_jwt_version" file="I:\proyectos\SuperIA\tests\Unit\Middleware\JwtVersionCheckTest.php" line="25" class="Tests\Unit\Middleware\JwtVersionCheckTest" classname="Tests.Unit.Middleware.JwtVersionCheckTest" assertions="2" time="0.430305"/>
        <testcase name="test_rejects_request_without_token" file="I:\proyectos\SuperIA\tests\Unit\Middleware\JwtVersionCheckTest.php" line="39" class="Tests\Unit\Middleware\JwtVersionCheckTest" classname="Tests.Unit.Middleware.JwtVersionCheckTest" assertions="1" time="0.404176"/>
      </testsuite>
      <testsuite name="Tests\Unit\Middleware\ValidateShareTokenTest" file="I:\proyectos\SuperIA\tests\Unit\Middleware\ValidateShareTokenTest.php" tests="7" assertions="8" errors="0" failures="0" skipped="0" time="3.180054">
        <testcase name="test_returns_410_when_token_missing_from_route" file="I:\proyectos\SuperIA\tests\Unit\Middleware\ValidateShareTokenTest.php" line="42" class="Tests\Unit\Middleware\ValidateShareTokenTest" classname="Tests.Unit.Middleware.ValidateShareTokenTest" assertions="1" time="0.512066"/>
        <testcase name="test_returns_410_on_malformed_token" file="I:\proyectos\SuperIA\tests\Unit\Middleware\ValidateShareTokenTest.php" line="54" class="Tests\Unit\Middleware\ValidateShareTokenTest" classname="Tests.Unit.Middleware.ValidateShareTokenTest" assertions="1" time="0.435477"/>
        <testcase name="test_returns_410_on_invalid_signature" file="I:\proyectos\SuperIA\tests\Unit\Middleware\ValidateShareTokenTest.php" line="63" class="Tests\Unit\Middleware\ValidateShareTokenTest" classname="Tests.Unit.Middleware.ValidateShareTokenTest" assertions="1" time="0.401019"/>
        <testcase name="test_returns_410_on_revoked_token" file="I:\proyectos\SuperIA\tests\Unit\Middleware\ValidateShareTokenTest.php" line="72" class="Tests\Unit\Middleware\ValidateShareTokenTest" classname="Tests.Unit.Middleware.ValidateShareTokenTest" assertions="1" time="0.573971"/>
        <testcase name="test_attaches_context_on_valid_token" file="I:\proyectos\SuperIA\tests\Unit\Middleware\ValidateShareTokenTest.php" line="86" class="Tests\Unit\Middleware\ValidateShareTokenTest" classname="Tests.Unit.Middleware.ValidateShareTokenTest" assertions="2" time="0.430561"/>
        <testcase name="test_returns_403_when_read_only_hits_write_route" file="I:\proyectos\SuperIA\tests\Unit\Middleware\ValidateShareTokenTest.php" line="105" class="Tests\Unit\Middleware\ValidateShareTokenTest" classname="Tests.Unit.Middleware.ValidateShareTokenTest" assertions="1" time="0.406272"/>
        <testcase name="test_allows_edit_on_write_route" file="I:\proyectos\SuperIA\tests\Unit\Middleware\ValidateShareTokenTest.php" line="118" class="Tests\Unit\Middleware\ValidateShareTokenTest" classname="Tests.Unit.Middleware.ValidateShareTokenTest" assertions="1" time="0.420688"/>
      </testsuite>
      <testsuite name="Tests\Unit\Models\WaitlistEntryTest" file="I:\proyectos\SuperIA\tests\Unit\Models\WaitlistEntryTest.php" tests="7" assertions="12" errors="0" failures="0" skipped="0" time="2.621213">
        <testcase name="test_is_pending_returns_true_when_status_pending" file="I:\proyectos\SuperIA\tests\Unit\Models\WaitlistEntryTest.php" line="13" class="Tests\Unit\Models\WaitlistEntryTest" classname="Tests.Unit.Models.WaitlistEntryTest" assertions="2" time="0.384764"/>
        <testcase name="test_is_invited_returns_true_when_status_invited" file="I:\proyectos\SuperIA\tests\Unit\Models\WaitlistEntryTest.php" line="21" class="Tests\Unit\Models\WaitlistEntryTest" classname="Tests.Unit.Models.WaitlistEntryTest" assertions="2" time="0.384627"/>
        <testcase name="test_has_valid_invitation_returns_true_when_not_expired" file="I:\proyectos\SuperIA\tests\Unit\Models\WaitlistEntryTest.php" line="29" class="Tests\Unit\Models\WaitlistEntryTest" classname="Tests.Unit.Models.WaitlistEntryTest" assertions="1" time="0.369639"/>
        <testcase name="test_has_valid_invitation_returns_false_when_expired" file="I:\proyectos\SuperIA\tests\Unit\Models\WaitlistEntryTest.php" line="36" class="Tests\Unit\Models\WaitlistEntryTest" classname="Tests.Unit.Models.WaitlistEntryTest" assertions="1" time="0.369368"/>
        <testcase name="test_has_valid_invitation_returns_false_when_pending" file="I:\proyectos\SuperIA\tests\Unit\Models\WaitlistEntryTest.php" line="43" class="Tests\Unit\Models\WaitlistEntryTest" classname="Tests.Unit.Models.WaitlistEntryTest" assertions="1" time="0.373665"/>
        <testcase name="test_casts_dates_correctly" file="I:\proyectos\SuperIA\tests\Unit\Models\WaitlistEntryTest.php" line="50" class="Tests\Unit\Models\WaitlistEntryTest" classname="Tests.Unit.Models.WaitlistEntryTest" assertions="2" time="0.378845"/>
        <testcase name="test_fillable_attributes" file="I:\proyectos\SuperIA\tests\Unit\Models\WaitlistEntryTest.php" line="58" class="Tests\Unit\Models\WaitlistEntryTest" classname="Tests.Unit.Models.WaitlistEntryTest" assertions="3" time="0.360305"/>
      </testsuite>
      <testsuite name="Tests\Unit\Services\AccountDeletionServiceTest" file="I:\proyectos\SuperIA\tests\Unit\Services\AccountDeletionServiceTest.php" tests="9" assertions="15" errors="0" failures="0" skipped="0" time="3.610396">
        <testcase name="test_initiate_delete_soft_deletes_user" file="I:\proyectos\SuperIA\tests\Unit\Services\AccountDeletionServiceTest.php" line="26" class="Tests\Unit\Services\AccountDeletionServiceTest" classname="Tests.Unit.Services.AccountDeletionServiceTest" assertions="1" time="0.482012"/>
        <testcase name="test_initiate_delete_sets_hard_delete_date" file="I:\proyectos\SuperIA\tests\Unit\Services\AccountDeletionServiceTest.php" line="36" class="Tests\Unit\Services\AccountDeletionServiceTest" classname="Tests.Unit.Services.AccountDeletionServiceTest" assertions="2" time="0.396230"/>
        <testcase name="test_initiate_delete_creates_audit_log" file="I:\proyectos\SuperIA\tests\Unit\Services\AccountDeletionServiceTest.php" line="48" class="Tests\Unit\Services\AccountDeletionServiceTest" classname="Tests.Unit.Services.AccountDeletionServiceTest" assertions="3" time="0.410666"/>
        <testcase name="test_initiate_delete_increments_jwt_version" file="I:\proyectos\SuperIA\tests\Unit\Services\AccountDeletionServiceTest.php" line="61" class="Tests\Unit\Services\AccountDeletionServiceTest" classname="Tests.Unit.Services.AccountDeletionServiceTest" assertions="1" time="0.397874"/>
        <testcase name="test_initiate_delete_sends_email" file="I:\proyectos\SuperIA\tests\Unit\Services\AccountDeletionServiceTest.php" line="72" class="Tests\Unit\Services\AccountDeletionServiceTest" classname="Tests.Unit.Services.AccountDeletionServiceTest" assertions="1" time="0.387721"/>
        <testcase name="test_initiate_delete_throws_for_wrong_password" file="I:\proyectos\SuperIA\tests\Unit\Services\AccountDeletionServiceTest.php" line="82" class="Tests\Unit\Services\AccountDeletionServiceTest" classname="Tests.Unit.Services.AccountDeletionServiceTest" assertions="2" time="0.380846"/>
        <testcase name="test_hard_delete_expired_accounts_removes_users" file="I:\proyectos\SuperIA\tests\Unit\Services\AccountDeletionServiceTest.php" line="92" class="Tests\Unit\Services\AccountDeletionServiceTest" classname="Tests.Unit.Services.AccountDeletionServiceTest" assertions="2" time="0.405112"/>
        <testcase name="test_hard_delete_skips_non_expired_accounts" file="I:\proyectos\SuperIA\tests\Unit\Services\AccountDeletionServiceTest.php" line="105" class="Tests\Unit\Services\AccountDeletionServiceTest" classname="Tests.Unit.Services.AccountDeletionServiceTest" assertions="2" time="0.377057"/>
        <testcase name="test_hard_delete_skips_users_without_schedule" file="I:\proyectos\SuperIA\tests\Unit\Services\AccountDeletionServiceTest.php" line="118" class="Tests\Unit\Services\AccountDeletionServiceTest" classname="Tests.Unit.Services.AccountDeletionServiceTest" assertions="1" time="0.372879"/>
      </testsuite>
      <testsuite name="Tests\Unit\Services\ActivityLogServiceTest" file="I:\proyectos\SuperIA\tests\Unit\Services\ActivityLogServiceTest.php" tests="8" assertions="21" errors="0" failures="0" skipped="0" time="4.090536">
        <testcase name="test_record_creates_owner_entry" file="I:\proyectos\SuperIA\tests\Unit\Services\ActivityLogServiceTest.php" line="27" class="Tests\Unit\Services\ActivityLogServiceTest" classname="Tests.Unit.Services.ActivityLogServiceTest" assertions="5" time="0.482932"/>
        <testcase name="test_record_creates_anonymous_entry_with_token" file="I:\proyectos\SuperIA\tests\Unit\Services\ActivityLogServiceTest.php" line="45" class="Tests\Unit\Services\ActivityLogServiceTest" classname="Tests.Unit.Services.ActivityLogServiceTest" assertions="2" time="0.396958"/>
        <testcase name="test_record_truncates_long_item_name" file="I:\proyectos\SuperIA\tests\Unit\Services\ActivityLogServiceTest.php" line="62" class="Tests\Unit\Services\ActivityLogServiceTest" classname="Tests.Unit.Services.ActivityLogServiceTest" assertions="1" time="0.396752"/>
        <testcase name="test_rolling_limit_keeps_only_latest_50" file="I:\proyectos\SuperIA\tests\Unit\Services\ActivityLogServiceTest.php" line="77" class="Tests\Unit\Services\ActivityLogServiceTest" classname="Tests.Unit.Services.ActivityLogServiceTest" assertions="2" time="0.775604"/>
        <testcase name="test_rolling_limit_is_per_list" file="I:\proyectos\SuperIA\tests\Unit\Services\ActivityLogServiceTest.php" line="95" class="Tests\Unit\Services\ActivityLogServiceTest" classname="Tests.Unit.Services.ActivityLogServiceTest" assertions="2" time="0.808968"/>
        <testcase name="test_get_recent_returns_newest_first" file="I:\proyectos\SuperIA\tests\Unit\Services\ActivityLogServiceTest.php" line="111" class="Tests\Unit\Services\ActivityLogServiceTest" classname="Tests.Unit.Services.ActivityLogServiceTest" assertions="2" time="0.390887"/>
        <testcase name="test_get_recent_respects_limit" file="I:\proyectos\SuperIA\tests\Unit\Services\ActivityLogServiceTest.php" line="123" class="Tests\Unit\Services\ActivityLogServiceTest" classname="Tests.Unit.Services.ActivityLogServiceTest" assertions="1" time="0.423959"/>
        <testcase name="test_all_actions_are_recordable" file="I:\proyectos\SuperIA\tests\Unit\Services\ActivityLogServiceTest.php" line="135" class="Tests\Unit\Services\ActivityLogServiceTest" classname="Tests.Unit.Services.ActivityLogServiceTest" assertions="6" time="0.414475"/>
      </testsuite>
      <testsuite name="Tests\Unit\Services\AdminMetricsServiceTest" file="I:\proyectos\SuperIA\tests\Unit\Services\AdminMetricsServiceTest.php" tests="5" assertions="18" errors="0" failures="0" skipped="0" time="2.091088">
        <testcase name="test_returns_user_counts" file="I:\proyectos\SuperIA\tests\Unit\Services\AdminMetricsServiceTest.php" line="27" class="Tests\Unit\Services\AdminMetricsServiceTest" classname="Tests.Unit.Services.AdminMetricsServiceTest" assertions="3" time="0.491882"/>
        <testcase name="test_returns_list_counts" file="I:\proyectos\SuperIA\tests\Unit\Services\AdminMetricsServiceTest.php" line="37" class="Tests\Unit\Services\AdminMetricsServiceTest" classname="Tests.Unit.Services.AdminMetricsServiceTest" assertions="3" time="0.407913"/>
        <testcase name="test_returns_ai_metrics" file="I:\proyectos\SuperIA\tests\Unit\Services\AdminMetricsServiceTest.php" line="48" class="Tests\Unit\Services\AdminMetricsServiceTest" classname="Tests.Unit.Services.AdminMetricsServiceTest" assertions="3" time="0.415589"/>
        <testcase name="test_returns_waitlist_count" file="I:\proyectos\SuperIA\tests\Unit\Services\AdminMetricsServiceTest.php" line="60" class="Tests\Unit\Services\AdminMetricsServiceTest" classname="Tests.Unit.Services.AdminMetricsServiceTest" assertions="1" time="0.384265"/>
        <testcase name="test_returns_all_expected_keys" file="I:\proyectos\SuperIA\tests\Unit\Services\AdminMetricsServiceTest.php" line="67" class="Tests\Unit\Services\AdminMetricsServiceTest" classname="Tests.Unit.Services.AdminMetricsServiceTest" assertions="8" time="0.391438"/>
      </testsuite>
      <testsuite name="Tests\Unit\Services\AuthServiceTest" file="I:\proyectos\SuperIA\tests\Unit\Services\AuthServiceTest.php" tests="8" assertions="15" errors="0" failures="0" skipped="0" time="3.133090">
        <testcase name="test_is_locked_out_returns_false_under_threshold" file="I:\proyectos\SuperIA\tests\Unit\Services\AuthServiceTest.php" line="24" class="Tests\Unit\Services\AuthServiceTest" classname="Tests.Unit.Services.AuthServiceTest" assertions="1" time="0.483657"/>
        <testcase name="test_is_locked_out_returns_true_at_threshold" file="I:\proyectos\SuperIA\tests\Unit\Services\AuthServiceTest.php" line="35" class="Tests\Unit\Services\AuthServiceTest" classname="Tests.Unit.Services.AuthServiceTest" assertions="1" time="0.382993"/>
        <testcase name="test_is_locked_out_ignores_old_attempts" file="I:\proyectos\SuperIA\tests\Unit\Services\AuthServiceTest.php" line="46" class="Tests\Unit\Services\AuthServiceTest" classname="Tests.Unit.Services.AuthServiceTest" assertions="1" time="0.374669"/>
        <testcase name="test_login_returns_error_when_locked" file="I:\proyectos\SuperIA\tests\Unit\Services\AuthServiceTest.php" line="61" class="Tests\Unit\Services\AuthServiceTest" classname="Tests.Unit.Services.AuthServiceTest" assertions="2" time="0.385989"/>
        <testcase name="test_login_returns_error_for_wrong_password" file="I:\proyectos\SuperIA\tests\Unit\Services\AuthServiceTest.php" line="75" class="Tests\Unit\Services\AuthServiceTest" classname="Tests.Unit.Services.AuthServiceTest" assertions="3" time="0.381928"/>
        <testcase name="test_login_returns_error_for_unverified_email" file="I:\proyectos\SuperIA\tests\Unit\Services\AuthServiceTest.php" line="86" class="Tests\Unit\Services\AuthServiceTest" classname="Tests.Unit.Services.AuthServiceTest" assertions="2" time="0.367788"/>
        <testcase name="test_login_succeeds_with_valid_credentials" file="I:\proyectos\SuperIA\tests\Unit\Services\AuthServiceTest.php" line="96" class="Tests\Unit\Services\AuthServiceTest" classname="Tests.Unit.Services.AuthServiceTest" assertions="3" time="0.384957"/>
        <testcase name="test_login_returns_error_for_nonexistent_user" file="I:\proyectos\SuperIA\tests\Unit\Services\AuthServiceTest.php" line="107" class="Tests\Unit\Services\AuthServiceTest" classname="Tests.Unit.Services.AuthServiceTest" assertions="2" time="0.371109"/>
      </testsuite>
      <testsuite name="Tests\Unit\Services\CategoryInferenceServiceTest" file="I:\proyectos\SuperIA\tests\Unit\Services\CategoryInferenceServiceTest.php" tests="5" assertions="5" errors="0" failures="0" skipped="0" time="1.877428">
        <testcase name="test_infers_category_from_catalog" file="I:\proyectos\SuperIA\tests\Unit\Services\CategoryInferenceServiceTest.php" line="24" class="Tests\Unit\Services\CategoryInferenceServiceTest" classname="Tests.Unit.Services.CategoryInferenceServiceTest" assertions="1" time="0.438739"/>
        <testcase name="test_case_insensitive_match" file="I:\proyectos\SuperIA\tests\Unit\Services\CategoryInferenceServiceTest.php" line="36" class="Tests\Unit\Services\CategoryInferenceServiceTest" classname="Tests.Unit.Services.CategoryInferenceServiceTest" assertions="1" time="0.353210"/>
        <testcase name="test_returns_null_when_not_in_catalog" file="I:\proyectos\SuperIA\tests\Unit\Services\CategoryInferenceServiceTest.php" line="48" class="Tests\Unit\Services\CategoryInferenceServiceTest" classname="Tests.Unit.Services.CategoryInferenceServiceTest" assertions="1" time="0.366559"/>
        <testcase name="test_returns_null_for_empty_name" file="I:\proyectos\SuperIA\tests\Unit\Services\CategoryInferenceServiceTest.php" line="55" class="Tests\Unit\Services\CategoryInferenceServiceTest" classname="Tests.Unit.Services.CategoryInferenceServiceTest" assertions="1" time="0.358544"/>
        <testcase name="test_returns_null_for_whitespace_name" file="I:\proyectos\SuperIA\tests\Unit\Services\CategoryInferenceServiceTest.php" line="62" class="Tests\Unit\Services\CategoryInferenceServiceTest" classname="Tests.Unit.Services.CategoryInferenceServiceTest" assertions="1" time="0.360377"/>
      </testsuite>
      <testsuite name="Tests\Unit\Services\CollaboratorPresenceServiceTest" file="I:\proyectos\SuperIA\tests\Unit\Services\CollaboratorPresenceServiceTest.php" tests="9" assertions="15" errors="0" failures="0" skipped="0" time="4.669700">
        <testcase name="test_heartbeat_creates_session_on_first_call" file="I:\proyectos\SuperIA\tests\Unit\Services\CollaboratorPresenceServiceTest.php" line="34" class="Tests\Unit\Services\CollaboratorPresenceServiceTest" classname="Tests.Unit.Services.CollaboratorPresenceServiceTest" assertions="2" time="0.443334"/>
        <testcase name="test_heartbeat_updates_existing_session" file="I:\proyectos\SuperIA\tests\Unit\Services\CollaboratorPresenceServiceTest.php" line="45" class="Tests\Unit\Services\CollaboratorPresenceServiceTest" classname="Tests.Unit.Services.CollaboratorPresenceServiceTest" assertions="2" time="1.420509"/>
        <testcase name="test_count_active_includes_recent_sessions" file="I:\proyectos\SuperIA\tests\Unit\Services\CollaboratorPresenceServiceTest.php" line="61" class="Tests\Unit\Services\CollaboratorPresenceServiceTest" classname="Tests.Unit.Services.CollaboratorPresenceServiceTest" assertions="1" time="0.413360"/>
        <testcase name="test_count_active_excludes_stale_sessions" file="I:\proyectos\SuperIA\tests\Unit\Services\CollaboratorPresenceServiceTest.php" line="75" class="Tests\Unit\Services\CollaboratorPresenceServiceTest" classname="Tests.Unit.Services.CollaboratorPresenceServiceTest" assertions="1" time="0.390104"/>
        <testcase name="test_count_active_excludes_revoked_token_sessions" file="I:\proyectos\SuperIA\tests\Unit\Services\CollaboratorPresenceServiceTest.php" line="93" class="Tests\Unit\Services\CollaboratorPresenceServiceTest" classname="Tests.Unit.Services.CollaboratorPresenceServiceTest" assertions="1" time="0.402330"/>
        <testcase name="test_count_active_is_zero_for_list_without_tokens" file="I:\proyectos\SuperIA\tests\Unit\Services\CollaboratorPresenceServiceTest.php" line="107" class="Tests\Unit\Services\CollaboratorPresenceServiceTest" classname="Tests.Unit.Services.CollaboratorPresenceServiceTest" assertions="1" time="0.388277"/>
        <testcase name="test_count_active_is_cached" file="I:\proyectos\SuperIA\tests\Unit\Services\CollaboratorPresenceServiceTest.php" line="114" class="Tests\Unit\Services\CollaboratorPresenceServiceTest" classname="Tests.Unit.Services.CollaboratorPresenceServiceTest" assertions="2" time="0.407810"/>
        <testcase name="test_heartbeat_invalidates_cache" file="I:\proyectos\SuperIA\tests\Unit\Services\CollaboratorPresenceServiceTest.php" line="131" class="Tests\Unit\Services\CollaboratorPresenceServiceTest" classname="Tests.Unit.Services.CollaboratorPresenceServiceTest" assertions="2" time="0.394849"/>
        <testcase name="test_delete_stale_removes_old_sessions" file="I:\proyectos\SuperIA\tests\Unit\Services\CollaboratorPresenceServiceTest.php" line="143" class="Tests\Unit\Services\CollaboratorPresenceServiceTest" classname="Tests.Unit.Services.CollaboratorPresenceServiceTest" assertions="3" time="0.409128"/>
      </testsuite>
      <testsuite name="Tests\Unit\Services\ComplementarySuggestionServiceTest" file="I:\proyectos\SuperIA\tests\Unit\Services\ComplementarySuggestionServiceTest.php" tests="13" assertions="27" errors="0" failures="0" skipped="0" time="7.782658">
        <testcase name="test_local_co_occurrence_returns_matches_above_threshold" file="I:\proyectos\SuperIA\tests\Unit\Services\ComplementarySuggestionServiceTest.php" line="92" class="Tests\Unit\Services\ComplementarySuggestionServiceTest" classname="Tests.Unit.Services.ComplementarySuggestionServiceTest" assertions="2" time="1.206526"/>
        <testcase name="test_filters_below_threshold" file="I:\proyectos\SuperIA\tests\Unit\Services\ComplementarySuggestionServiceTest.php" line="111" class="Tests\Unit\Services\ComplementarySuggestionServiceTest" classname="Tests.Unit.Services.ComplementarySuggestionServiceTest" assertions="1" time="0.463798"/>
        <testcase name="test_excludes_products_already_in_current_list" file="I:\proyectos\SuperIA\tests\Unit\Services\ComplementarySuggestionServiceTest.php" line="128" class="Tests\Unit\Services\ComplementarySuggestionServiceTest" classname="Tests.Unit.Services.ComplementarySuggestionServiceTest" assertions="1" time="0.485806"/>
        <testcase name="test_claude_fallback_when_less_than_5_completed_lists" file="I:\proyectos\SuperIA\tests\Unit\Services\ComplementarySuggestionServiceTest.php" line="142" class="Tests\Unit\Services\ComplementarySuggestionServiceTest" classname="Tests.Unit.Services.ComplementarySuggestionServiceTest" assertions="4" time="0.445092"/>
        <testcase name="test_claude_fallback_excludes_items_in_current_list" file="I:\proyectos\SuperIA\tests\Unit\Services\ComplementarySuggestionServiceTest.php" line="161" class="Tests\Unit\Services\ComplementarySuggestionServiceTest" classname="Tests.Unit.Services.ComplementarySuggestionServiceTest" assertions="2" time="0.421880"/>
        <testcase name="test_budget_cap_blocks_ai_fallback" file="I:\proyectos\SuperIA\tests\Unit\Services\ComplementarySuggestionServiceTest.php" line="178" class="Tests\Unit\Services\ComplementarySuggestionServiceTest" classname="Tests.Unit.Services.ComplementarySuggestionServiceTest" assertions="2" time="0.489865"/>
        <testcase name="test_user_quota_blocks_ai_fallback" file="I:\proyectos\SuperIA\tests\Unit\Services\ComplementarySuggestionServiceTest.php" line="199" class="Tests\Unit\Services\ComplementarySuggestionServiceTest" classname="Tests.Unit.Services.ComplementarySuggestionServiceTest" assertions="1" time="0.500051"/>
        <testcase name="test_claude_error_returns_empty_without_crash" file="I:\proyectos\SuperIA\tests\Unit\Services\ComplementarySuggestionServiceTest.php" line="214" class="Tests\Unit\Services\ComplementarySuggestionServiceTest" classname="Tests.Unit.Services.ComplementarySuggestionServiceTest" assertions="3" time="0.408427"/>
        <testcase name="test_pii_never_leaves_via_claude_call" file="I:\proyectos\SuperIA\tests\Unit\Services\ComplementarySuggestionServiceTest.php" line="231" class="Tests\Unit\Services\ComplementarySuggestionServiceTest" classname="Tests.Unit.Services.ComplementarySuggestionServiceTest" assertions="3" time="0.402149"/>
        <testcase name="test_caps_at_2_suggestions" file="I:\proyectos\SuperIA\tests\Unit\Services\ComplementarySuggestionServiceTest.php" line="245" class="Tests\Unit\Services\ComplementarySuggestionServiceTest" classname="Tests.Unit.Services.ComplementarySuggestionServiceTest" assertions="2" time="0.516500"/>
        <testcase name="test_sorts_by_co_ratio_desc" file="I:\proyectos\SuperIA\tests\Unit\Services\ComplementarySuggestionServiceTest.php" line="258" class="Tests\Unit\Services\ComplementarySuggestionServiceTest" classname="Tests.Unit.Services.ComplementarySuggestionServiceTest" assertions="1" time="0.491158"/>
        <testcase name="test_co_occurrence_query_caps_intermediate_fetch_at_50_rows" file="I:\proyectos\SuperIA\tests\Unit\Services\ComplementarySuggestionServiceTest.php" line="277" class="Tests\Unit\Services\ComplementarySuggestionServiceTest" classname="Tests.Unit.Services.ComplementarySuggestionServiceTest" assertions="4" time="1.548224"/>
        <testcase name="test_sanitizes_product_name_before_claude_call" file="I:\proyectos\SuperIA\tests\Unit\Services\ComplementarySuggestionServiceTest.php" line="304" class="Tests\Unit\Services\ComplementarySuggestionServiceTest" classname="Tests.Unit.Services.ComplementarySuggestionServiceTest" assertions="1" time="0.403183"/>
      </testsuite>
      <testsuite name="Tests\Unit\Services\ListGenerationServiceTest" file="I:\proyectos\SuperIA\tests\Unit\Services\ListGenerationServiceTest.php" tests="14" assertions="27" errors="0" failures="0" skipped="0" time="5.959659">
        <testcase name="test_generate_happy_path" file="I:\proyectos\SuperIA\tests\Unit\Services\ListGenerationServiceTest.php" line="44" class="Tests\Unit\Services\ListGenerationServiceTest" classname="Tests.Unit.Services.ListGenerationServiceTest" assertions="6" time="0.778670"/>
        <testcase name="test_generate_sanitizes_description" file="I:\proyectos\SuperIA\tests\Unit\Services\ListGenerationServiceTest.php" line="58" class="Tests\Unit\Services\ListGenerationServiceTest" classname="Tests.Unit.Services.ListGenerationServiceTest" assertions="1" time="0.386354"/>
        <testcase name="test_generate_uses_500_char_limit" file="I:\proyectos\SuperIA\tests\Unit\Services\ListGenerationServiceTest.php" line="68" class="Tests\Unit\Services\ListGenerationServiceTest" classname="Tests.Unit.Services.ListGenerationServiceTest" assertions="1" time="0.394819"/>
        <testcase name="test_generate_records_usage" file="I:\proyectos\SuperIA\tests\Unit\Services\ListGenerationServiceTest.php" line="79" class="Tests\Unit\Services\ListGenerationServiceTest" classname="Tests.Unit.Services.ListGenerationServiceTest" assertions="1" time="0.387569"/>
        <testcase name="test_generate_blocks_when_shared_quota_exceeded" file="I:\proyectos\SuperIA\tests\Unit\Services\ListGenerationServiceTest.php" line="92" class="Tests\Unit\Services\ListGenerationServiceTest" classname="Tests.Unit.Services.ListGenerationServiceTest" assertions="2" time="0.387280"/>
        <testcase name="test_generate_blocks_when_per_operation_limit_exceeded" file="I:\proyectos\SuperIA\tests\Unit\Services\ListGenerationServiceTest.php" line="103" class="Tests\Unit\Services\ListGenerationServiceTest" classname="Tests.Unit.Services.ListGenerationServiceTest" assertions="2" time="0.399551"/>
        <testcase name="test_generate_blocks_when_budget_exceeded" file="I:\proyectos\SuperIA\tests\Unit\Services\ListGenerationServiceTest.php" line="118" class="Tests\Unit\Services\ListGenerationServiceTest" classname="Tests.Unit.Services.ListGenerationServiceTest" assertions="2" time="0.416283"/>
        <testcase name="test_generate_retries_silently_on_first_claude_failure" file="I:\proyectos\SuperIA\tests\Unit\Services\ListGenerationServiceTest.php" line="133" class="Tests\Unit\Services\ListGenerationServiceTest" classname="Tests.Unit.Services.ListGenerationServiceTest" assertions="1" time="0.400753"/>
        <testcase name="test_generate_throws_after_double_failure" file="I:\proyectos\SuperIA\tests\Unit\Services\ListGenerationServiceTest.php" line="161" class="Tests\Unit\Services\ListGenerationServiceTest" classname="Tests.Unit.Services.ListGenerationServiceTest" assertions="1" time="0.373192"/>
        <testcase name="test_confirm_as_new_list_creates_list_with_items" file="I:\proyectos\SuperIA\tests\Unit\Services\ListGenerationServiceTest.php" line="170" class="Tests\Unit\Services\ListGenerationServiceTest" classname="Tests.Unit.Services.ListGenerationServiceTest" assertions="4" time="0.413762"/>
        <testcase name="test_confirm_as_new_list_respects_freemium" file="I:\proyectos\SuperIA\tests\Unit\Services\ListGenerationServiceTest.php" line="182" class="Tests\Unit\Services\ListGenerationServiceTest" classname="Tests.Unit.Services.ListGenerationServiceTest" assertions="1" time="0.400743"/>
        <testcase name="test_confirm_add_to_existing_appends_items" file="I:\proyectos\SuperIA\tests\Unit\Services\ListGenerationServiceTest.php" line="194" class="Tests\Unit\Services\ListGenerationServiceTest" classname="Tests.Unit.Services.ListGenerationServiceTest" assertions="1" time="0.428426"/>
        <testcase name="test_confirm_add_to_existing_rejects_other_users_list" file="I:\proyectos\SuperIA\tests\Unit\Services\ListGenerationServiceTest.php" line="205" class="Tests\Unit\Services\ListGenerationServiceTest" classname="Tests.Unit.Services.ListGenerationServiceTest" assertions="1" time="0.391271"/>
        <testcase name="test_confirm_validates_enum_values_on_items" file="I:\proyectos\SuperIA\tests\Unit\Services\ListGenerationServiceTest.php" line="215" class="Tests\Unit\Services\ListGenerationServiceTest" classname="Tests.Unit.Services.ListGenerationServiceTest" assertions="3" time="0.400987"/>
      </testsuite>
      <testsuite name="Tests\Unit\Services\ListItemServiceTest" file="I:\proyectos\SuperIA\tests\Unit\Services\ListItemServiceTest.php" tests="14" assertions="24" errors="0" failures="0" skipped="0" time="8.433577">
        <testcase name="test_get_items_returns_grouped_and_counters" file="I:\proyectos\SuperIA\tests\Unit\Services\ListItemServiceTest.php" line="33" class="Tests\Unit\Services\ListItemServiceTest" classname="Tests.Unit.Services.ListItemServiceTest" assertions="3" time="0.604234"/>
        <testcase name="test_create_adds_item_and_syncs_counters" file="I:\proyectos\SuperIA\tests\Unit\Services\ListItemServiceTest.php" line="48" class="Tests\Unit\Services\ListItemServiceTest" classname="Tests.Unit.Services.ListItemServiceTest" assertions="2" time="0.412482"/>
        <testcase name="test_update_changes_item" file="I:\proyectos\SuperIA\tests\Unit\Services\ListItemServiceTest.php" line="64" class="Tests\Unit\Services\ListItemServiceTest" classname="Tests.Unit.Services.ListItemServiceTest" assertions="1" time="0.406912"/>
        <testcase name="test_toggle_marks_purchased_and_creates_historial" file="I:\proyectos\SuperIA\tests\Unit\Services\ListItemServiceTest.php" line="73" class="Tests\Unit\Services\ListItemServiceTest" classname="Tests.Unit.Services.ListItemServiceTest" assertions="3" time="0.431688"/>
        <testcase name="test_toggle_unmarks_without_historial" file="I:\proyectos\SuperIA\tests\Unit\Services\ListItemServiceTest.php" line="90" class="Tests\Unit\Services\ListItemServiceTest" classname="Tests.Unit.Services.ListItemServiceTest" assertions="3" time="0.443330"/>
        <testcase name="test_delete_removes_item_and_syncs_counters" file="I:\proyectos\SuperIA\tests\Unit\Services\ListItemServiceTest.php" line="104" class="Tests\Unit\Services\ListItemServiceTest" classname="Tests.Unit.Services.ListItemServiceTest" assertions="2" time="0.424187"/>
        <testcase name="test_clear_completed_removes_only_purchased" file="I:\proyectos\SuperIA\tests\Unit\Services\ListItemServiceTest.php" line="117" class="Tests\Unit\Services\ListItemServiceTest" classname="Tests.Unit.Services.ListItemServiceTest" assertions="2" time="0.420560"/>
        <testcase name="test_items_without_category_grouped_as_otros" file="I:\proyectos\SuperIA\tests\Unit\Services\ListItemServiceTest.php" line="131" class="Tests\Unit\Services\ListItemServiceTest" classname="Tests.Unit.Services.ListItemServiceTest" assertions="1" time="0.397521"/>
        <testcase name="test_create_logs_owner_activity_when_no_context" file="I:\proyectos\SuperIA\tests\Unit\Services\ListItemServiceTest.php" line="144" class="Tests\Unit\Services\ListItemServiceTest" classname="Tests.Unit.Services.ListItemServiceTest" assertions="1" time="2.097727"/>
        <testcase name="test_create_logs_anonymous_activity_with_context" file="I:\proyectos\SuperIA\tests\Unit\Services\ListItemServiceTest.php" line="159" class="Tests\Unit\Services\ListItemServiceTest" classname="Tests.Unit.Services.ListItemServiceTest" assertions="1" time="1.094014"/>
        <testcase name="test_toggle_logs_checked_and_unchecked" file="I:\proyectos\SuperIA\tests\Unit\Services\ListItemServiceTest.php" line="176" class="Tests\Unit\Services\ListItemServiceTest" classname="Tests.Unit.Services.ListItemServiceTest" assertions="2" time="0.485650"/>
        <testcase name="test_update_logs_item_edited" file="I:\proyectos\SuperIA\tests\Unit\Services\ListItemServiceTest.php" line="195" class="Tests\Unit\Services\ListItemServiceTest" classname="Tests.Unit.Services.ListItemServiceTest" assertions="1" time="0.395202"/>
        <testcase name="test_delete_logs_item_deleted" file="I:\proyectos\SuperIA\tests\Unit\Services\ListItemServiceTest.php" line="209" class="Tests\Unit\Services\ListItemServiceTest" classname="Tests.Unit.Services.ListItemServiceTest" assertions="1" time="0.413886"/>
        <testcase name="test_clear_completed_logs_list_cleared" file="I:\proyectos\SuperIA\tests\Unit\Services\ListItemServiceTest.php" line="223" class="Tests\Unit\Services\ListItemServiceTest" classname="Tests.Unit.Services.ListItemServiceTest" assertions="1" time="0.406184"/>
      </testsuite>
      <testsuite name="Tests\Unit\Services\PriceEstimationServiceTest" file="I:\proyectos\SuperIA\tests\Unit\Services\PriceEstimationServiceTest.php" tests="31" assertions="79" errors="0" failures="0" skipped="0" time="13.144980">
        <testcase name="test_layer1_resolves_from_personal_history" file="I:\proyectos\SuperIA\tests\Unit\Services\PriceEstimationServiceTest.php" line="36" class="Tests\Unit\Services\PriceEstimationServiceTest" classname="Tests.Unit.Services.PriceEstimationServiceTest" assertions="4" time="0.651977"/>
        <testcase name="test_layer1_uses_most_recent_price" file="I:\proyectos\SuperIA\tests\Unit\Services\PriceEstimationServiceTest.php" line="60" class="Tests\Unit\Services\PriceEstimationServiceTest" classname="Tests.Unit.Services.PriceEstimationServiceTest" assertions="1" time="0.400589"/>
        <testcase name="test_layer2_resolves_from_catalog" file="I:\proyectos\SuperIA\tests\Unit\Services\PriceEstimationServiceTest.php" line="79" class="Tests\Unit\Services\PriceEstimationServiceTest" classname="Tests.Unit.Services.PriceEstimationServiceTest" assertions="4" time="0.409016"/>
        <testcase name="test_returns_null_when_both_layers_miss" file="I:\proyectos\SuperIA\tests\Unit\Services\PriceEstimationServiceTest.php" line="98" class="Tests\Unit\Services\PriceEstimationServiceTest" classname="Tests.Unit.Services.PriceEstimationServiceTest" assertions="1" time="0.438572"/>
        <testcase name="test_layer1_takes_precedence_over_layer2" file="I:\proyectos\SuperIA\tests\Unit\Services\PriceEstimationServiceTest.php" line="109" class="Tests\Unit\Services\PriceEstimationServiceTest" classname="Tests.Unit.Services.PriceEstimationServiceTest" assertions="2" time="0.411760"/>
        <testcase name="test_estimate_for_list_aggregates_and_persists" file="I:\proyectos\SuperIA\tests\Unit\Services\PriceEstimationServiceTest.php" line="128" class="Tests\Unit\Services\PriceEstimationServiceTest" classname="Tests.Unit.Services.PriceEstimationServiceTest" assertions="7" time="0.491807"/>
        <testcase name="test_quantity_multiplied_into_estimate" file="I:\proyectos\SuperIA\tests\Unit\Services\PriceEstimationServiceTest.php" line="153" class="Tests\Unit\Services\PriceEstimationServiceTest" classname="Tests.Unit.Services.PriceEstimationServiceTest" assertions="2" time="0.407837"/>
        <testcase name="test_quantity_in_grams_normalized_to_kg" file="I:\proyectos\SuperIA\tests\Unit\Services\PriceEstimationServiceTest.php" line="166" class="Tests\Unit\Services\PriceEstimationServiceTest" classname="Tests.Unit.Services.PriceEstimationServiceTest" assertions="2" time="0.416585"/>
        <testcase name="test_quantity_in_ml_normalized_to_liters" file="I:\proyectos\SuperIA\tests\Unit\Services\PriceEstimationServiceTest.php" line="179" class="Tests\Unit\Services\PriceEstimationServiceTest" classname="Tests.Unit.Services.PriceEstimationServiceTest" assertions="2" time="0.424787"/>
        <testcase name="test_quantity_zero_defaults_to_one" file="I:\proyectos\SuperIA\tests\Unit\Services\PriceEstimationServiceTest.php" line="192" class="Tests\Unit\Services\PriceEstimationServiceTest" classname="Tests.Unit.Services.PriceEstimationServiceTest" assertions="2" time="0.418682"/>
        <testcase name="test_record_item_prices_updates_history_and_item" file="I:\proyectos\SuperIA\tests\Unit\Services\PriceEstimationServiceTest.php" line="205" class="Tests\Unit\Services\PriceEstimationServiceTest" classname="Tests.Unit.Services.PriceEstimationServiceTest" assertions="3" time="0.420224"/>
        <testcase name="test_record_item_prices_skips_missing_history" file="I:\proyectos\SuperIA\tests\Unit\Services\PriceEstimationServiceTest.php" line="224" class="Tests\Unit\Services\PriceEstimationServiceTest" classname="Tests.Unit.Services.PriceEstimationServiceTest" assertions="1" time="0.404709"/>
        <testcase name="test_case_insensitive_matching" file="I:\proyectos\SuperIA\tests\Unit\Services\PriceEstimationServiceTest.php" line="237" class="Tests\Unit\Services\PriceEstimationServiceTest" classname="Tests.Unit.Services.PriceEstimationServiceTest" assertions="2" time="0.404200"/>
        <testcase name="test_layer3a_fuzzy_match_resolves_from_catalog" file="I:\proyectos\SuperIA\tests\Unit\Services\PriceEstimationServiceTest.php" line="250" class="Tests\Unit\Services\PriceEstimationServiceTest" classname="Tests.Unit.Services.PriceEstimationServiceTest" assertions="4" time="0.410280"/>
        <testcase name="test_layer3b_resolves_from_price_cache" file="I:\proyectos\SuperIA\tests\Unit\Services\PriceEstimationServiceTest.php" line="265" class="Tests\Unit\Services\PriceEstimationServiceTest" classname="Tests.Unit.Services.PriceEstimationServiceTest" assertions="3" time="0.408840"/>
        <testcase name="test_layer3b_ignores_expired_cache" file="I:\proyectos\SuperIA\tests\Unit\Services\PriceEstimationServiceTest.php" line="284" class="Tests\Unit\Services\PriceEstimationServiceTest" classname="Tests.Unit.Services.PriceEstimationServiceTest" assertions="1" time="0.411907"/>
        <testcase name="test_layer3c_claude_estimates_and_writes_cache" file="I:\proyectos\SuperIA\tests\Unit\Services\PriceEstimationServiceTest.php" line="301" class="Tests\Unit\Services\PriceEstimationServiceTest" classname="Tests.Unit.Services.PriceEstimationServiceTest" assertions="6" time="0.425229"/>
        <testcase name="test_layer3c_returns_null_when_claude_fails" file="I:\proyectos\SuperIA\tests\Unit\Services\PriceEstimationServiceTest.php" line="321" class="Tests\Unit\Services\PriceEstimationServiceTest" classname="Tests.Unit.Services.PriceEstimationServiceTest" assertions="1" time="0.413334"/>
        <testcase name="test_layer3c_throttle_blocks_after_daily_limit" file="I:\proyectos\SuperIA\tests\Unit\Services\PriceEstimationServiceTest.php" line="332" class="Tests\Unit\Services\PriceEstimationServiceTest" classname="Tests.Unit.Services.PriceEstimationServiceTest" assertions="2" time="0.408420"/>
        <testcase name="test_layer3c_increments_throttle_counter_after_successful_call" file="I:\proyectos\SuperIA\tests\Unit\Services\PriceEstimationServiceTest.php" line="353" class="Tests\Unit\Services\PriceEstimationServiceTest" classname="Tests.Unit.Services.PriceEstimationServiceTest" assertions="2" time="0.406681"/>
        <testcase name="test_throttle_key_includes_user_id_and_date" file="I:\proyectos\SuperIA\tests\Unit\Services\PriceEstimationServiceTest.php" line="372" class="Tests\Unit\Services\PriceEstimationServiceTest" classname="Tests.Unit.Services.PriceEstimationServiceTest" assertions="3" time="0.407377"/>
        <testcase name="test_throttle_counter_reaches_two_after_two_calls" file="I:\proyectos\SuperIA\tests\Unit\Services\PriceEstimationServiceTest.php" line="394" class="Tests\Unit\Services\PriceEstimationServiceTest" classname="Tests.Unit.Services.PriceEstimationServiceTest" assertions="1" time="0.445912"/>
        <testcase name="test_layer3a_excludes_words_with_two_or_fewer_chars" file="I:\proyectos\SuperIA\tests\Unit\Services\PriceEstimationServiceTest.php" line="413" class="Tests\Unit\Services\PriceEstimationServiceTest" classname="Tests.Unit.Services.PriceEstimationServiceTest" assertions="1" time="0.415140"/>
        <testcase name="test_layer3a_matches_word_in_middle_of_catalog_name" file="I:\proyectos\SuperIA\tests\Unit\Services\PriceEstimationServiceTest.php" line="428" class="Tests\Unit\Services\PriceEstimationServiceTest" classname="Tests.Unit.Services.PriceEstimationServiceTest" assertions="4" time="0.412510"/>
        <testcase name="test_layer3c_persists_precio_min_and_max_to_price_cache" file="I:\proyectos\SuperIA\tests\Unit\Services\PriceEstimationServiceTest.php" line="444" class="Tests\Unit\Services\PriceEstimationServiceTest" classname="Tests.Unit.Services.PriceEstimationServiceTest" assertions="1" time="0.415162"/>
        <testcase name="test_unresolved_item_resets_estimated_price_to_null" file="I:\proyectos\SuperIA\tests\Unit\Services\PriceEstimationServiceTest.php" line="463" class="Tests\Unit\Services\PriceEstimationServiceTest" classname="Tests.Unit.Services.PriceEstimationServiceTest" assertions="1" time="0.426734"/>
        <testcase name="test_estimate_for_list_includes_item_id_in_unresolved_items" file="I:\proyectos\SuperIA\tests\Unit\Services\PriceEstimationServiceTest.php" line="479" class="Tests\Unit\Services\PriceEstimationServiceTest" classname="Tests.Unit.Services.PriceEstimationServiceTest" assertions="4" time="0.413164"/>
        <testcase name="test_record_total_price_logs_correct_info" file="I:\proyectos\SuperIA\tests\Unit\Services\PriceEstimationServiceTest.php" line="493" class="Tests\Unit\Services\PriceEstimationServiceTest" classname="Tests.Unit.Services.PriceEstimationServiceTest" assertions="1" time="0.400651"/>
        <testcase name="test_layer3c_logs_warning_on_claude_failure" file="I:\proyectos\SuperIA\tests\Unit\Services\PriceEstimationServiceTest.php" line="511" class="Tests\Unit\Services\PriceEstimationServiceTest" classname="Tests.Unit.Services.PriceEstimationServiceTest" assertions="1" time="0.408448"/>
        <testcase name="test_layer1_returns_float_values" file="I:\proyectos\SuperIA\tests\Unit\Services\PriceEstimationServiceTest.php" line="528" class="Tests\Unit\Services\PriceEstimationServiceTest" classname="Tests.Unit.Services.PriceEstimationServiceTest" assertions="4" time="0.400712"/>
        <testcase name="test_layer3a_returns_float_values" file="I:\proyectos\SuperIA\tests\Unit\Services\PriceEstimationServiceTest.php" line="549" class="Tests\Unit\Services\PriceEstimationServiceTest" classname="Tests.Unit.Services.PriceEstimationServiceTest" assertions="6" time="0.413730"/>
      </testsuite>
      <testsuite name="Tests\Unit\Services\ProductHistoryCleanupServiceTest" file="I:\proyectos\SuperIA\tests\Unit\Services\ProductHistoryCleanupServiceTest.php" tests="5" assertions="10" errors="0" failures="0" skipped="0" time="1.928458">
        <testcase name="test_clear_all_deletes_only_user_rows" file="I:\proyectos\SuperIA\tests\Unit\Services\ProductHistoryCleanupServiceTest.php" line="34" class="Tests\Unit\Services\ProductHistoryCleanupServiceTest" classname="Tests.Unit.Services.ProductHistoryCleanupServiceTest" assertions="3" time="0.412328"/>
        <testcase name="test_clear_all_returns_zero_for_empty" file="I:\proyectos\SuperIA\tests\Unit\Services\ProductHistoryCleanupServiceTest.php" line="49" class="Tests\Unit\Services\ProductHistoryCleanupServiceTest" classname="Tests.Unit.Services.ProductHistoryCleanupServiceTest" assertions="1" time="0.357842"/>
        <testcase name="test_forget_deletes_only_matching_product" file="I:\proyectos\SuperIA\tests\Unit\Services\ProductHistoryCleanupServiceTest.php" line="56" class="Tests\Unit\Services\ProductHistoryCleanupServiceTest" classname="Tests.Unit.Services.ProductHistoryCleanupServiceTest" assertions="3" time="0.393739"/>
        <testcase name="test_forget_scopes_to_user" file="I:\proyectos\SuperIA\tests\Unit\Services\ProductHistoryCleanupServiceTest.php" line="70" class="Tests\Unit\Services\ProductHistoryCleanupServiceTest" classname="Tests.Unit.Services.ProductHistoryCleanupServiceTest" assertions="2" time="0.389442"/>
        <testcase name="test_forget_returns_zero_when_product_absent" file="I:\proyectos\SuperIA\tests\Unit\Services\ProductHistoryCleanupServiceTest.php" line="86" class="Tests\Unit\Services\ProductHistoryCleanupServiceTest" classname="Tests.Unit.Services.ProductHistoryCleanupServiceTest" assertions="1" time="0.375107"/>
      </testsuite>
      <testsuite name="Tests\Unit\Services\ProductHistoryStatsServiceTest" file="I:\proyectos\SuperIA\tests\Unit\Services\ProductHistoryStatsServiceTest.php" tests="9" assertions="11" errors="0" failures="0" skipped="0" time="3.469119">
        <testcase name="test_completed_lists_count_is_zero_when_none" file="I:\proyectos\SuperIA\tests\Unit\Services\ProductHistoryStatsServiceTest.php" line="26" class="Tests\Unit\Services\ProductHistoryStatsServiceTest" classname="Tests.Unit.Services.ProductHistoryStatsServiceTest" assertions="1" time="0.371833"/>
        <testcase name="test_completed_lists_count_matches_items_total_equals_completed" file="I:\proyectos\SuperIA\tests\Unit\Services\ProductHistoryStatsServiceTest.php" line="33" class="Tests\Unit\Services\ProductHistoryStatsServiceTest" classname="Tests.Unit.Services.ProductHistoryStatsServiceTest" assertions="1" time="0.397893"/>
        <testcase name="test_completed_lists_count_excludes_empty_lists" file="I:\proyectos\SuperIA\tests\Unit\Services\ProductHistoryStatsServiceTest.php" line="43" class="Tests\Unit\Services\ProductHistoryStatsServiceTest" classname="Tests.Unit.Services.ProductHistoryStatsServiceTest" assertions="1" time="0.372223"/>
        <testcase name="test_completed_lists_count_excludes_other_users" file="I:\proyectos\SuperIA\tests\Unit\Services\ProductHistoryStatsServiceTest.php" line="51" class="Tests\Unit\Services\ProductHistoryStatsServiceTest" classname="Tests.Unit.Services.ProductHistoryStatsServiceTest" assertions="1" time="0.383407"/>
        <testcase name="test_completed_list_ids_returns_array" file="I:\proyectos\SuperIA\tests\Unit\Services\ProductHistoryStatsServiceTest.php" line="60" class="Tests\Unit\Services\ProductHistoryStatsServiceTest" classname="Tests.Unit.Services.ProductHistoryStatsServiceTest" assertions="3" time="0.398161"/>
        <testcase name="test_has_active_list_with_min_items_true_when_meets_threshold" file="I:\proyectos\SuperIA\tests\Unit\Services\ProductHistoryStatsServiceTest.php" line="74" class="Tests\Unit\Services\ProductHistoryStatsServiceTest" classname="Tests.Unit.Services.ProductHistoryStatsServiceTest" assertions="1" time="0.389663"/>
        <testcase name="test_has_active_list_with_min_items_false_when_below" file="I:\proyectos\SuperIA\tests\Unit\Services\ProductHistoryStatsServiceTest.php" line="82" class="Tests\Unit\Services\ProductHistoryStatsServiceTest" classname="Tests.Unit.Services.ProductHistoryStatsServiceTest" assertions="1" time="0.377177"/>
        <testcase name="test_has_active_list_with_min_items_excludes_archived" file="I:\proyectos\SuperIA\tests\Unit\Services\ProductHistoryStatsServiceTest.php" line="90" class="Tests\Unit\Services\ProductHistoryStatsServiceTest" classname="Tests.Unit.Services.ProductHistoryStatsServiceTest" assertions="1" time="0.386591"/>
        <testcase name="test_distinct_product_count" file="I:\proyectos\SuperIA\tests\Unit\Services\ProductHistoryStatsServiceTest.php" line="98" class="Tests\Unit\Services\ProductHistoryStatsServiceTest" classname="Tests.Unit.Services.ProductHistoryStatsServiceTest" assertions="1" time="0.392173"/>
      </testsuite>
      <testsuite name="Tests\Unit\Services\ProductHistoryWeightingServiceTest" file="I:\proyectos\SuperIA\tests\Unit\Services\ProductHistoryWeightingServiceTest.php" tests="8" assertions="10" errors="0" failures="0" skipped="0" time="3.219930">
        <testcase name="test_search_finds_prefix_match" file="I:\proyectos\SuperIA\tests\Unit\Services\ProductHistoryWeightingServiceTest.php" line="38" class="Tests\Unit\Services\ProductHistoryWeightingServiceTest" classname="Tests.Unit.Services.ProductHistoryWeightingServiceTest" assertions="3" time="0.463828"/>
        <testcase name="test_search_ranks_recent_higher_than_frequent_but_old" file="I:\proyectos\SuperIA\tests\Unit\Services\ProductHistoryWeightingServiceTest.php" line="51" class="Tests\Unit\Services\ProductHistoryWeightingServiceTest" classname="Tests.Unit.Services.ProductHistoryWeightingServiceTest" assertions="1" time="0.420727"/>
        <testcase name="test_search_scopes_to_user" file="I:\proyectos\SuperIA\tests\Unit\Services\ProductHistoryWeightingServiceTest.php" line="68" class="Tests\Unit\Services\ProductHistoryWeightingServiceTest" classname="Tests.Unit.Services.ProductHistoryWeightingServiceTest" assertions="1" time="0.388300"/>
        <testcase name="test_search_respects_limit" file="I:\proyectos\SuperIA\tests\Unit\Services\ProductHistoryWeightingServiceTest.php" line="80" class="Tests\Unit\Services\ProductHistoryWeightingServiceTest" classname="Tests.Unit.Services.ProductHistoryWeightingServiceTest" assertions="1" time="0.395473"/>
        <testcase name="test_search_empty_query_returns_empty" file="I:\proyectos\SuperIA\tests\Unit\Services\ProductHistoryWeightingServiceTest.php" line="92" class="Tests\Unit\Services\ProductHistoryWeightingServiceTest" classname="Tests.Unit.Services.ProductHistoryWeightingServiceTest" assertions="1" time="0.380450"/>
        <testcase name="test_search_returns_dto_with_source_history" file="I:\proyectos\SuperIA\tests\Unit\Services\ProductHistoryWeightingServiceTest.php" line="100" class="Tests\Unit\Services\ProductHistoryWeightingServiceTest" classname="Tests.Unit.Services.ProductHistoryWeightingServiceTest" assertions="1" time="0.376635"/>
        <testcase name="test_ranked_list_paginated_orders_by_weighted_score" file="I:\proyectos\SuperIA\tests\Unit\Services\ProductHistoryWeightingServiceTest.php" line="110" class="Tests\Unit\Services\ProductHistoryWeightingServiceTest" classname="Tests.Unit.Services.ProductHistoryWeightingServiceTest" assertions="1" time="0.406535"/>
        <testcase name="test_ranked_list_excludes_other_users" file="I:\proyectos\SuperIA\tests\Unit\Services\ProductHistoryWeightingServiceTest.php" line="125" class="Tests\Unit\Services\ProductHistoryWeightingServiceTest" classname="Tests.Unit.Services.ProductHistoryWeightingServiceTest" assertions="1" time="0.387983"/>
      </testsuite>
      <testsuite name="Tests\Unit\Services\ProductSuggestionServiceTest" file="I:\proyectos\SuperIA\tests\Unit\Services\ProductSuggestionServiceTest.php" tests="23" assertions="47" errors="0" failures="0" skipped="0" time="9.665678">
        <testcase name="test_layer1_hits_history_with_prefix" file="I:\proyectos\SuperIA\tests\Unit\Services\ProductSuggestionServiceTest.php" line="74" class="Tests\Unit\Services\ProductSuggestionServiceTest" classname="Tests.Unit.Services.ProductSuggestionServiceTest" assertions="3" time="0.633244"/>
        <testcase name="test_layer2_hits_catalog_when_history_empty" file="I:\proyectos\SuperIA\tests\Unit\Services\ProductSuggestionServiceTest.php" line="88" class="Tests\Unit\Services\ProductSuggestionServiceTest" classname="Tests.Unit.Services.ProductSuggestionServiceTest" assertions="2" time="0.392807"/>
        <testcase name="test_layer3_not_called_when_local_has_three_results" file="I:\proyectos\SuperIA\tests\Unit\Services\ProductSuggestionServiceTest.php" line="101" class="Tests\Unit\Services\ProductSuggestionServiceTest" classname="Tests.Unit.Services.ProductSuggestionServiceTest" assertions="2" time="0.388381"/>
        <testcase name="test_layer3_called_when_local_scarce_and_include_ai" file="I:\proyectos\SuperIA\tests\Unit\Services\ProductSuggestionServiceTest.php" line="115" class="Tests\Unit\Services\ProductSuggestionServiceTest" classname="Tests.Unit.Services.ProductSuggestionServiceTest" assertions="3" time="0.399505"/>
        <testcase name="test_layer3_not_called_when_include_ai_false" file="I:\proyectos\SuperIA\tests\Unit\Services\ProductSuggestionServiceTest.php" line="131" class="Tests\Unit\Services\ProductSuggestionServiceTest" classname="Tests.Unit.Services.ProductSuggestionServiceTest" assertions="2" time="0.387334"/>
        <testcase name="test_budget_cap_blocks_layer3" file="I:\proyectos\SuperIA\tests\Unit\Services\ProductSuggestionServiceTest.php" line="142" class="Tests\Unit\Services\ProductSuggestionServiceTest" classname="Tests.Unit.Services.ProductSuggestionServiceTest" assertions="4" time="0.432292"/>
        <testcase name="test_user_quota_blocks_layer3" file="I:\proyectos\SuperIA\tests\Unit\Services\ProductSuggestionServiceTest.php" line="163" class="Tests\Unit\Services\ProductSuggestionServiceTest" classname="Tests.Unit.Services.ProductSuggestionServiceTest" assertions="2" time="0.494155"/>
        <testcase name="test_claude_error_records_and_does_not_throw" file="I:\proyectos\SuperIA\tests\Unit\Services\ProductSuggestionServiceTest.php" line="180" class="Tests\Unit\Services\ProductSuggestionServiceTest" classname="Tests.Unit.Services.ProductSuggestionServiceTest" assertions="3" time="0.388851"/>
        <testcase name="test_successful_claude_records_cost" file="I:\proyectos\SuperIA\tests\Unit\Services\ProductSuggestionServiceTest.php" line="195" class="Tests\Unit\Services\ProductSuggestionServiceTest" classname="Tests.Unit.Services.ProductSuggestionServiceTest" assertions="2" time="0.396663"/>
        <testcase name="test_cross_layer_dedup_case_insensitive" file="I:\proyectos\SuperIA\tests\Unit\Services\ProductSuggestionServiceTest.php" line="210" class="Tests\Unit\Services\ProductSuggestionServiceTest" classname="Tests.Unit.Services.ProductSuggestionServiceTest" assertions="1" time="0.397152"/>
        <testcase name="test_local_limit_cap_total_at_five" file="I:\proyectos\SuperIA\tests\Unit\Services\ProductSuggestionServiceTest.php" line="223" class="Tests\Unit\Services\ProductSuggestionServiceTest" classname="Tests.Unit.Services.ProductSuggestionServiceTest" assertions="2" time="0.443738"/>
        <testcase name="test_history_takes_precedence_in_dedup" file="I:\proyectos\SuperIA\tests\Unit\Services\ProductSuggestionServiceTest.php" line="235" class="Tests\Unit\Services\ProductSuggestionServiceTest" classname="Tests.Unit.Services.ProductSuggestionServiceTest" assertions="1" time="0.405643"/>
        <testcase name="test_circuit_breaker_opens_after_failures" file="I:\proyectos\SuperIA\tests\Unit\Services\ProductSuggestionServiceTest.php" line="246" class="Tests\Unit\Services\ProductSuggestionServiceTest" classname="Tests.Unit.Services.ProductSuggestionServiceTest" assertions="3" time="0.470387"/>
        <testcase name="test_empty_local_and_no_ai_returns_empty" file="I:\proyectos\SuperIA\tests\Unit\Services\ProductSuggestionServiceTest.php" line="269" class="Tests\Unit\Services\ProductSuggestionServiceTest" classname="Tests.Unit.Services.ProductSuggestionServiceTest" assertions="3" time="0.384348"/>
        <testcase name="test_layer3_pii_never_leaves_via_claude" file="I:\proyectos\SuperIA\tests\Unit\Services\ProductSuggestionServiceTest.php" line="280" class="Tests\Unit\Services\ProductSuggestionServiceTest" classname="Tests.Unit.Services.ProductSuggestionServiceTest" assertions="3" time="0.416370"/>
        <testcase name="test_layer_list_returns_item_added_to_list_without_purchase" file="I:\proyectos\SuperIA\tests\Unit\Services\ProductSuggestionServiceTest.php" line="295" class="Tests\Unit\Services\ProductSuggestionServiceTest" classname="Tests.Unit.Services.ProductSuggestionServiceTest" assertions="2" time="0.387879"/>
        <testcase name="test_layer_list_loses_to_history_in_dedup" file="I:\proyectos\SuperIA\tests\Unit\Services\ProductSuggestionServiceTest.php" line="310" class="Tests\Unit\Services\ProductSuggestionServiceTest" classname="Tests.Unit.Services.ProductSuggestionServiceTest" assertions="2" time="0.406502"/>
        <testcase name="test_layer_list_beats_catalog_in_dedup" file="I:\proyectos\SuperIA\tests\Unit\Services\ProductSuggestionServiceTest.php" line="325" class="Tests\Unit\Services\ProductSuggestionServiceTest" classname="Tests.Unit.Services.ProductSuggestionServiceTest" assertions="2" time="0.406153"/>
        <testcase name="test_layer_list_never_returns_other_users_items" file="I:\proyectos\SuperIA\tests\Unit\Services\ProductSuggestionServiceTest.php" line="340" class="Tests\Unit\Services\ProductSuggestionServiceTest" classname="Tests.Unit.Services.ProductSuggestionServiceTest" assertions="1" time="0.404049"/>
        <testcase name="test_layer_list_prefix_only_no_mid_word_match" file="I:\proyectos\SuperIA\tests\Unit\Services\ProductSuggestionServiceTest.php" line="354" class="Tests\Unit\Services\ProductSuggestionServiceTest" classname="Tests.Unit.Services.ProductSuggestionServiceTest" assertions="1" time="0.400696"/>
        <testcase name="test_layer_list_empty_query_returns_nothing" file="I:\proyectos\SuperIA\tests\Unit\Services\ProductSuggestionServiceTest.php" line="367" class="Tests\Unit\Services\ProductSuggestionServiceTest" classname="Tests.Unit.Services.ProductSuggestionServiceTest" assertions="1" time="0.394998"/>
        <testcase name="test_layer_list_deduplicates_with_catalog" file="I:\proyectos\SuperIA\tests\Unit\Services\ProductSuggestionServiceTest.php" line="379" class="Tests\Unit\Services\ProductSuggestionServiceTest" classname="Tests.Unit.Services.ProductSuggestionServiceTest" assertions="1" time="0.419136"/>
        <testcase name="test_layer_list_distinct_across_multiple_lists" file="I:\proyectos\SuperIA\tests\Unit\Services\ProductSuggestionServiceTest.php" line="395" class="Tests\Unit\Services\ProductSuggestionServiceTest" classname="Tests.Unit.Services.ProductSuggestionServiceTest" assertions="1" time="0.415395"/>
      </testsuite>
      <testsuite name="Tests\Unit\Services\RegistrationServiceTest" file="I:\proyectos\SuperIA\tests\Unit\Services\RegistrationServiceTest.php" tests="10" assertions="18" errors="0" failures="0" skipped="0" time="3.975393">
        <testcase name="test_validate_invitation_token_returns_entry_for_valid_token" file="I:\proyectos\SuperIA\tests\Unit\Services\RegistrationServiceTest.php" line="27" class="Tests\Unit\Services\RegistrationServiceTest" classname="Tests.Unit.Services.RegistrationServiceTest" assertions="2" time="0.570053"/>
        <testcase name="test_validate_invitation_token_returns_null_for_invalid_token" file="I:\proyectos\SuperIA\tests\Unit\Services\RegistrationServiceTest.php" line="37" class="Tests\Unit\Services\RegistrationServiceTest" classname="Tests.Unit.Services.RegistrationServiceTest" assertions="1" time="0.362892"/>
        <testcase name="test_validate_invitation_token_returns_null_for_expired_token" file="I:\proyectos\SuperIA\tests\Unit\Services\RegistrationServiceTest.php" line="44" class="Tests\Unit\Services\RegistrationServiceTest" classname="Tests.Unit.Services.RegistrationServiceTest" assertions="1" time="0.360320"/>
        <testcase name="test_register_creates_user_and_updates_waitlist" file="I:\proyectos\SuperIA\tests\Unit\Services\RegistrationServiceTest.php" line="53" class="Tests\Unit\Services\RegistrationServiceTest" classname="Tests.Unit.Services.RegistrationServiceTest" assertions="6" time="0.415044"/>
        <testcase name="test_register_sends_verification_email" file="I:\proyectos\SuperIA\tests\Unit\Services\RegistrationServiceTest.php" line="70" class="Tests\Unit\Services\RegistrationServiceTest" classname="Tests.Unit.Services.RegistrationServiceTest" assertions="1" time="0.398134"/>
        <testcase name="test_register_throws_for_invalid_token" file="I:\proyectos\SuperIA\tests\Unit\Services\RegistrationServiceTest.php" line="80" class="Tests\Unit\Services\RegistrationServiceTest" classname="Tests.Unit.Services.RegistrationServiceTest" assertions="2" time="0.357733"/>
        <testcase name="test_register_throws_for_duplicate_email" file="I:\proyectos\SuperIA\tests\Unit\Services\RegistrationServiceTest.php" line="88" class="Tests\Unit\Services\RegistrationServiceTest" classname="Tests.Unit.Services.RegistrationServiceTest" assertions="2" time="0.373273"/>
        <testcase name="test_verify_email_sets_verified_timestamp" file="I:\proyectos\SuperIA\tests\Unit\Services\RegistrationServiceTest.php" line="99" class="Tests\Unit\Services\RegistrationServiceTest" classname="Tests.Unit.Services.RegistrationServiceTest" assertions="1" time="0.390068"/>
        <testcase name="test_verify_email_throws_for_wrong_hash" file="I:\proyectos\SuperIA\tests\Unit\Services\RegistrationServiceTest.php" line="108" class="Tests\Unit\Services\RegistrationServiceTest" classname="Tests.Unit.Services.RegistrationServiceTest" assertions="1" time="0.372486"/>
        <testcase name="test_verify_email_is_idempotent" file="I:\proyectos\SuperIA\tests\Unit\Services\RegistrationServiceTest.php" line="117" class="Tests\Unit\Services\RegistrationServiceTest" classname="Tests.Unit.Services.RegistrationServiceTest" assertions="1" time="0.375390"/>
      </testsuite>
      <testsuite name="Tests\Unit\Services\ReplenishmentSuggestionServiceTest" file="I:\proyectos\SuperIA\tests\Unit\Services\ReplenishmentSuggestionServiceTest.php" tests="17" assertions="18" errors="0" failures="0" skipped="0" time="7.124123">
        <testcase name="test_empty_when_no_active_list_with_items" file="I:\proyectos\SuperIA\tests\Unit\Services\ReplenishmentSuggestionServiceTest.php" line="58" class="Tests\Unit\Services\ReplenishmentSuggestionServiceTest" classname="Tests.Unit.Services.ReplenishmentSuggestionServiceTest" assertions="1" time="0.544204"/>
        <testcase name="test_empty_when_active_list_has_less_than_3_items" file="I:\proyectos\SuperIA\tests\Unit\Services\ReplenishmentSuggestionServiceTest.php" line="68" class="Tests\Unit\Services\ReplenishmentSuggestionServiceTest" classname="Tests.Unit.Services.ReplenishmentSuggestionServiceTest" assertions="1" time="0.380485"/>
        <testcase name="test_suggests_when_due_for_replenishment" file="I:\proyectos\SuperIA\tests\Unit\Services\ReplenishmentSuggestionServiceTest.php" line="79" class="Tests\Unit\Services\ReplenishmentSuggestionServiceTest" classname="Tests.Unit.Services.ReplenishmentSuggestionServiceTest" assertions="2" time="0.440590"/>
        <testcase name="test_does_not_suggest_below_min_occurrences" file="I:\proyectos\SuperIA\tests\Unit\Services\ReplenishmentSuggestionServiceTest.php" line="95" class="Tests\Unit\Services\ReplenishmentSuggestionServiceTest" classname="Tests.Unit.Services.ReplenishmentSuggestionServiceTest" assertions="1" time="0.398965"/>
        <testcase name="test_does_not_suggest_when_factor_gates" file="I:\proyectos\SuperIA\tests\Unit\Services\ReplenishmentSuggestionServiceTest.php" line="105" class="Tests\Unit\Services\ReplenishmentSuggestionServiceTest" classname="Tests.Unit.Services.ReplenishmentSuggestionServiceTest" assertions="1" time="0.405921"/>
        <testcase name="test_excludes_silenced_products" file="I:\proyectos\SuperIA\tests\Unit\Services\ReplenishmentSuggestionServiceTest.php" line="123" class="Tests\Unit\Services\ReplenishmentSuggestionServiceTest" classname="Tests.Unit.Services.ReplenishmentSuggestionServiceTest" assertions="1" time="0.426693"/>
        <testcase name="test_excludes_dismissed_products_within_ttl" file="I:\proyectos\SuperIA\tests\Unit\Services\ReplenishmentSuggestionServiceTest.php" line="139" class="Tests\Unit\Services\ReplenishmentSuggestionServiceTest" classname="Tests.Unit.Services.ReplenishmentSuggestionServiceTest" assertions="1" time="0.420524"/>
        <testcase name="test_includes_expired_dismissed_products" file="I:\proyectos\SuperIA\tests\Unit\Services\ReplenishmentSuggestionServiceTest.php" line="155" class="Tests\Unit\Services\ReplenishmentSuggestionServiceTest" classname="Tests.Unit.Services.ReplenishmentSuggestionServiceTest" assertions="1" time="0.407479"/>
        <testcase name="test_excludes_products_in_active_lists" file="I:\proyectos\SuperIA\tests\Unit\Services\ReplenishmentSuggestionServiceTest.php" line="172" class="Tests\Unit\Services\ReplenishmentSuggestionServiceTest" classname="Tests.Unit.Services.ReplenishmentSuggestionServiceTest" assertions="1" time="0.402842"/>
        <testcase name="test_caps_at_3_suggestions" file="I:\proyectos\SuperIA\tests\Unit\Services\ReplenishmentSuggestionServiceTest.php" line="184" class="Tests\Unit\Services\ReplenishmentSuggestionServiceTest" classname="Tests.Unit.Services.ReplenishmentSuggestionServiceTest" assertions="1" time="0.452851"/>
        <testcase name="test_sorts_by_urgency_ratio_desc" file="I:\proyectos\SuperIA\tests\Unit\Services\ReplenishmentSuggestionServiceTest.php" line="200" class="Tests\Unit\Services\ReplenishmentSuggestionServiceTest" classname="Tests.Unit.Services.ReplenishmentSuggestionServiceTest" assertions="1" time="0.417940"/>
        <testcase name="test_ignore_creates_dismiss_row" file="I:\proyectos\SuperIA\tests\Unit\Services\ReplenishmentSuggestionServiceTest.php" line="220" class="Tests\Unit\Services\ReplenishmentSuggestionServiceTest" classname="Tests.Unit.Services.ReplenishmentSuggestionServiceTest" assertions="1" time="0.382016"/>
        <testcase name="test_silence_creates_silenced_row" file="I:\proyectos\SuperIA\tests\Unit\Services\ReplenishmentSuggestionServiceTest.php" line="232" class="Tests\Unit\Services\ReplenishmentSuggestionServiceTest" classname="Tests.Unit.Services.ReplenishmentSuggestionServiceTest" assertions="1" time="0.373691"/>
        <testcase name="test_silence_is_idempotent" file="I:\proyectos\SuperIA\tests\Unit\Services\ReplenishmentSuggestionServiceTest.php" line="244" class="Tests\Unit\Services\ReplenishmentSuggestionServiceTest" classname="Tests.Unit.Services.ReplenishmentSuggestionServiceTest" assertions="1" time="0.391441"/>
        <testcase name="test_cache_returns_same_result_within_ttl" file="I:\proyectos\SuperIA\tests\Unit\Services\ReplenishmentSuggestionServiceTest.php" line="254" class="Tests\Unit\Services\ReplenishmentSuggestionServiceTest" classname="Tests.Unit.Services.ReplenishmentSuggestionServiceTest" assertions="1" time="0.420210"/>
        <testcase name="test_invalidate_cache_clears_cached_value" file="I:\proyectos\SuperIA\tests\Unit\Services\ReplenishmentSuggestionServiceTest.php" line="272" class="Tests\Unit\Services\ReplenishmentSuggestionServiceTest" classname="Tests.Unit.Services.ReplenishmentSuggestionServiceTest" assertions="1" time="0.424545"/>
        <testcase name="test_ignore_invalidates_cache" file="I:\proyectos\SuperIA\tests\Unit\Services\ReplenishmentSuggestionServiceTest.php" line="288" class="Tests\Unit\Services\ReplenishmentSuggestionServiceTest" classname="Tests.Unit.Services.ReplenishmentSuggestionServiceTest" assertions="1" time="0.433725"/>
      </testsuite>
      <testsuite name="Tests\Unit\Services\ShareTokenServiceTest" file="I:\proyectos\SuperIA\tests\Unit\Services\ShareTokenServiceTest.php" tests="14" assertions="25" errors="0" failures="0" skipped="0" time="5.720346">
        <testcase name="test_generate_creates_token_and_flags_list_as_shared" file="I:\proyectos\SuperIA\tests\Unit\Services\ShareTokenServiceTest.php" line="27" class="Tests\Unit\Services\ShareTokenServiceTest" classname="Tests.Unit.Services.ShareTokenServiceTest" assertions="4" time="0.391194"/>
        <testcase name="test_generate_read_only_token" file="I:\proyectos\SuperIA\tests\Unit\Services\ShareTokenServiceTest.php" line="39" class="Tests\Unit\Services\ShareTokenServiceTest" classname="Tests.Unit.Services.ShareTokenServiceTest" assertions="1" time="0.401100"/>
        <testcase name="test_generate_two_tokens_coexist" file="I:\proyectos\SuperIA\tests\Unit\Services\ShareTokenServiceTest.php" line="48" class="Tests\Unit\Services\ShareTokenServiceTest" classname="Tests.Unit.Services.ShareTokenServiceTest" assertions="2" time="0.418232"/>
        <testcase name="test_revoke_marks_token_and_keeps_other_active" file="I:\proyectos\SuperIA\tests\Unit\Services\ShareTokenServiceTest.php" line="59" class="Tests\Unit\Services\ShareTokenServiceTest" classname="Tests.Unit.Services.ShareTokenServiceTest" assertions="3" time="0.431478"/>
        <testcase name="test_revoke_deletes_sessions" file="I:\proyectos\SuperIA\tests\Unit\Services\ShareTokenServiceTest.php" line="72" class="Tests\Unit\Services\ShareTokenServiceTest" classname="Tests.Unit.Services.ShareTokenServiceTest" assertions="1" time="0.414032"/>
        <testcase name="test_revoke_last_active_token_unflags_is_shared" file="I:\proyectos\SuperIA\tests\Unit\Services\ShareTokenServiceTest.php" line="84" class="Tests\Unit\Services\ShareTokenServiceTest" classname="Tests.Unit.Services.ShareTokenServiceTest" assertions="1" time="0.437037"/>
        <testcase name="test_revoke_is_idempotent" file="I:\proyectos\SuperIA\tests\Unit\Services\ShareTokenServiceTest.php" line="94" class="Tests\Unit\Services\ShareTokenServiceTest" classname="Tests.Unit.Services.ShareTokenServiceTest" assertions="1" time="0.414762"/>
        <testcase name="test_active_tokens_excludes_revoked" file="I:\proyectos\SuperIA\tests\Unit\Services\ShareTokenServiceTest.php" line="107" class="Tests\Unit\Services\ShareTokenServiceTest" classname="Tests.Unit.Services.ShareTokenServiceTest" assertions="2" time="0.444775"/>
        <testcase name="test_resolve_from_url_param_returns_context" file="I:\proyectos\SuperIA\tests\Unit\Services\ShareTokenServiceTest.php" line="120" class="Tests\Unit\Services\ShareTokenServiceTest" classname="Tests.Unit.Services.ShareTokenServiceTest" assertions="4" time="0.408570"/>
        <testcase name="test_resolve_returns_null_for_invalid_token" file="I:\proyectos\SuperIA\tests\Unit\Services\ShareTokenServiceTest.php" line="135" class="Tests\Unit\Services\ShareTokenServiceTest" classname="Tests.Unit.Services.ShareTokenServiceTest" assertions="1" time="0.369260"/>
        <testcase name="test_resolve_returns_null_for_malformed" file="I:\proyectos\SuperIA\tests\Unit\Services\ShareTokenServiceTest.php" line="140" class="Tests\Unit\Services\ShareTokenServiceTest" classname="Tests.Unit.Services.ShareTokenServiceTest" assertions="1" time="0.359509"/>
        <testcase name="test_resolve_returns_null_for_revoked" file="I:\proyectos\SuperIA\tests\Unit\Services\ShareTokenServiceTest.php" line="145" class="Tests\Unit\Services\ShareTokenServiceTest" classname="Tests.Unit.Services.ShareTokenServiceTest" assertions="1" time="0.434273"/>
        <testcase name="test_resolve_returns_null_on_tampered_signature" file="I:\proyectos\SuperIA\tests\Unit\Services\ShareTokenServiceTest.php" line="157" class="Tests\Unit\Services\ShareTokenServiceTest" classname="Tests.Unit.Services.ShareTokenServiceTest" assertions="1" time="0.408479"/>
        <testcase name="test_url_for_produces_full_url" file="I:\proyectos\SuperIA\tests\Unit\Services\ShareTokenServiceTest.php" line="167" class="Tests\Unit\Services\ShareTokenServiceTest" classname="Tests.Unit.Services.ShareTokenServiceTest" assertions="2" time="0.387645"/>
      </testsuite>
      <testsuite name="Tests\Unit\Services\ShoppingListServiceTest" file="I:\proyectos\SuperIA\tests\Unit\Services\ShoppingListServiceTest.php" tests="12" assertions="20" errors="0" failures="0" skipped="0" time="4.719257">
        <testcase name="test_get_lists_returns_grouped_by_status" file="I:\proyectos\SuperIA\tests\Unit\Services\ShoppingListServiceTest.php" line="27" class="Tests\Unit\Services\ShoppingListServiceTest" classname="Tests.Unit.Services.ShoppingListServiceTest" assertions="2" time="0.397408"/>
        <testcase name="test_get_lists_returns_empty_for_new_user" file="I:\proyectos\SuperIA\tests\Unit\Services\ShoppingListServiceTest.php" line="39" class="Tests\Unit\Services\ShoppingListServiceTest" classname="Tests.Unit.Services.ShoppingListServiceTest" assertions="2" time="0.373011"/>
        <testcase name="test_get_lists_orders_by_updated_at_desc" file="I:\proyectos\SuperIA\tests\Unit\Services\ShoppingListServiceTest.php" line="49" class="Tests\Unit\Services\ShoppingListServiceTest" classname="Tests.Unit.Services.ShoppingListServiceTest" assertions="2" time="0.406865"/>
        <testcase name="test_create_with_all_fields" file="I:\proyectos\SuperIA\tests\Unit\Services\ShoppingListServiceTest.php" line="63" class="Tests\Unit\Services\ShoppingListServiceTest" classname="Tests.Unit.Services.ShoppingListServiceTest" assertions="4" time="0.387080"/>
        <testcase name="test_create_with_name_only" file="I:\proyectos\SuperIA\tests\Unit\Services\ShoppingListServiceTest.php" line="79" class="Tests\Unit\Services\ShoppingListServiceTest" classname="Tests.Unit.Services.ShoppingListServiceTest" assertions="3" time="0.388221"/>
        <testcase name="test_create_throws_at_freemium_limit" file="I:\proyectos\SuperIA\tests\Unit\Services\ShoppingListServiceTest.php" line="90" class="Tests\Unit\Services\ShoppingListServiceTest" classname="Tests.Unit.Services.ShoppingListServiceTest" assertions="1" time="0.395598"/>
        <testcase name="test_create_allows_when_archived_lists_exist" file="I:\proyectos\SuperIA\tests\Unit\Services\ShoppingListServiceTest.php" line="100" class="Tests\Unit\Services\ShoppingListServiceTest" classname="Tests.Unit.Services.ShoppingListServiceTest" assertions="1" time="0.392950"/>
        <testcase name="test_update_changes_name" file="I:\proyectos\SuperIA\tests\Unit\Services\ShoppingListServiceTest.php" line="113" class="Tests\Unit\Services\ShoppingListServiceTest" classname="Tests.Unit.Services.ShoppingListServiceTest" assertions="1" time="0.392841"/>
        <testcase name="test_archive_changes_status" file="I:\proyectos\SuperIA\tests\Unit\Services\ShoppingListServiceTest.php" line="124" class="Tests\Unit\Services\ShoppingListServiceTest" classname="Tests.Unit.Services.ShoppingListServiceTest" assertions="1" time="0.389352"/>
        <testcase name="test_restore_changes_status_to_active" file="I:\proyectos\SuperIA\tests\Unit\Services\ShoppingListServiceTest.php" line="135" class="Tests\Unit\Services\ShoppingListServiceTest" classname="Tests.Unit.Services.ShoppingListServiceTest" assertions="1" time="0.402236"/>
        <testcase name="test_restore_throws_at_freemium_limit" file="I:\proyectos\SuperIA\tests\Unit\Services\ShoppingListServiceTest.php" line="145" class="Tests\Unit\Services\ShoppingListServiceTest" classname="Tests.Unit.Services.ShoppingListServiceTest" assertions="1" time="0.410881"/>
        <testcase name="test_delete_removes_list" file="I:\proyectos\SuperIA\tests\Unit\Services\ShoppingListServiceTest.php" line="158" class="Tests\Unit\Services\ShoppingListServiceTest" classname="Tests.Unit.Services.ShoppingListServiceTest" assertions="1" time="0.382815"/>
      </testsuite>
      <testsuite name="Tests\Unit\Services\WaitlistServiceTest" file="I:\proyectos\SuperIA\tests\Unit\Services\WaitlistServiceTest.php" tests="14" assertions="34" errors="0" failures="0" skipped="0" time="5.741496">
        <testcase name="test_register_creates_entry_and_sends_email" file="I:\proyectos\SuperIA\tests\Unit\Services\WaitlistServiceTest.php" line="30" class="Tests\Unit\Services\WaitlistServiceTest" classname="Tests.Unit.Services.WaitlistServiceTest" assertions="6" time="0.433095"/>
        <testcase name="test_register_with_null_companion" file="I:\proyectos\SuperIA\tests\Unit\Services\WaitlistServiceTest.php" line="52" class="Tests\Unit\Services\WaitlistServiceTest" classname="Tests.Unit.Services.WaitlistServiceTest" assertions="2" time="0.388685"/>
        <testcase name="test_register_duplicate_email_returns_success_without_creating" file="I:\proyectos\SuperIA\tests\Unit\Services\WaitlistServiceTest.php" line="66" class="Tests\Unit\Services\WaitlistServiceTest" classname="Tests.Unit.Services.WaitlistServiceTest" assertions="3" time="0.374406"/>
        <testcase name="test_register_assigns_sequential_position" file="I:\proyectos\SuperIA\tests\Unit\Services\WaitlistServiceTest.php" line="83" class="Tests\Unit\Services\WaitlistServiceTest" classname="Tests.Unit.Services.WaitlistServiceTest" assertions="2" time="0.483504"/>
        <testcase name="test_invite_sends_email_and_updates_entry" file="I:\proyectos\SuperIA\tests\Unit\Services\WaitlistServiceTest.php" line="99" class="Tests\Unit\Services\WaitlistServiceTest" classname="Tests.Unit.Services.WaitlistServiceTest" assertions="6" time="0.403722"/>
        <testcase name="test_invite_throws_if_not_pending" file="I:\proyectos\SuperIA\tests\Unit\Services\WaitlistServiceTest.php" line="120" class="Tests\Unit\Services\WaitlistServiceTest" classname="Tests.Unit.Services.WaitlistServiceTest" assertions="2" time="0.377540"/>
        <testcase name="test_find_by_invitation_token_returns_entry" file="I:\proyectos\SuperIA\tests\Unit\Services\WaitlistServiceTest.php" line="130" class="Tests\Unit\Services\WaitlistServiceTest" classname="Tests.Unit.Services.WaitlistServiceTest" assertions="2" time="0.380152"/>
        <testcase name="test_find_by_invitation_token_returns_null_for_unknown" file="I:\proyectos\SuperIA\tests\Unit\Services\WaitlistServiceTest.php" line="140" class="Tests\Unit\Services\WaitlistServiceTest" classname="Tests.Unit.Services.WaitlistServiceTest" assertions="1" time="0.363154"/>
        <testcase name="test_find_by_invitation_token_returns_null_for_expired" file="I:\proyectos\SuperIA\tests\Unit\Services\WaitlistServiceTest.php" line="147" class="Tests\Unit\Services\WaitlistServiceTest" classname="Tests.Unit.Services.WaitlistServiceTest" assertions="1" time="0.369751"/>
        <testcase name="test_register_notifies_admin_on_new_entry" file="I:\proyectos\SuperIA\tests\Unit\Services\WaitlistServiceTest.php" line="156" class="Tests\Unit\Services\WaitlistServiceTest" classname="Tests.Unit.Services.WaitlistServiceTest" assertions="1" time="0.459973"/>
        <testcase name="test_register_notifies_all_admins_individually" file="I:\proyectos\SuperIA\tests\Unit\Services\WaitlistServiceTest.php" line="171" class="Tests\Unit\Services\WaitlistServiceTest" classname="Tests.Unit.Services.WaitlistServiceTest" assertions="3" time="0.474678"/>
        <testcase name="test_register_does_not_notify_admins_on_duplicate_email" file="I:\proyectos\SuperIA\tests\Unit\Services\WaitlistServiceTest.php" line="184" class="Tests\Unit\Services\WaitlistServiceTest" classname="Tests.Unit.Services.WaitlistServiceTest" assertions="1" time="0.413082"/>
        <testcase name="test_register_logs_warning_when_no_admins_exist" file="I:\proyectos\SuperIA\tests\Unit\Services\WaitlistServiceTest.php" line="195" class="Tests\Unit\Services\WaitlistServiceTest" classname="Tests.Unit.Services.WaitlistServiceTest" assertions="2" time="0.410384"/>
        <testcase name="test_register_completes_successfully_when_no_admins_exist" file="I:\proyectos\SuperIA\tests\Unit\Services\WaitlistServiceTest.php" line="207" class="Tests\Unit\Services\WaitlistServiceTest" classname="Tests.Unit.Services.WaitlistServiceTest" assertions="2" time="0.409370"/>
      </testsuite>
[...]
        <testcase name="test_store_creates_list_with_all_fields" file="I:\proyectos\SuperIA\tests\Feature\ShoppingListControllerTest.php" line="71" class="Tests\Feature\ShoppingListControllerTest" classname="Tests.Feature.ShoppingListControllerTest" assertions="5" time="0.463429"/>
        <testcase name="test_store_creates_list_with_name_only" file="I:\proyectos\SuperIA\tests\Feature\ShoppingListControllerTest.php" line="93" class="Tests\Feature\ShoppingListControllerTest" classname="Tests.Feature.ShoppingListControllerTest" assertions="4" time="0.461670"/>
        <testcase name="test_store_fails_at_freemium_limit" file="I:\proyectos\SuperIA\tests\Feature\ShoppingListControllerTest.php" line="106" class="Tests\Feature\ShoppingListControllerTest" classname="Tests.Feature.ShoppingListControllerTest" assertions="2" time="0.464417"/>
        <testcase name="test_store_fails_with_empty_name" file="I:\proyectos\SuperIA\tests\Feature\ShoppingListControllerTest.php" line="118" class="Tests\Feature\ShoppingListControllerTest" classname="Tests.Feature.ShoppingListControllerTest" assertions="3" time="0.427779"/>
        <testcase name="test_store_fails_with_name_over_60_chars" file="I:\proyectos\SuperIA\tests\Feature\ShoppingListControllerTest.php" line="129" class="Tests\Feature\ShoppingListControllerTest" classname="Tests.Feature.ShoppingListControllerTest" assertions="1" time="0.443261"/>
        <testcase name="test_store_fails_with_invalid_category" file="I:\proyectos\SuperIA\tests\Feature\ShoppingListControllerTest.php" line="139" class="Tests\Feature\ShoppingListControllerTest" classname="Tests.Feature.ShoppingListControllerTest" assertions="1" time="0.436314"/>
        <testcase name="test_store_requires_auth" file="I:\proyectos\SuperIA\tests\Feature\ShoppingListControllerTest.php" line="149" class="Tests\Feature\ShoppingListControllerTest" classname="Tests.Feature.ShoppingListControllerTest" assertions="1" time="0.394994"/>
        <testcase name="test_show_returns_list" file="I:\proyectos\SuperIA\tests\Feature\ShoppingListControllerTest.php" line="156" class="Tests\Feature\ShoppingListControllerTest" classname="Tests.Feature.ShoppingListControllerTest" assertions="2" time="0.451709"/>
        <testcase name="test_show_denies_other_users_list" file="I:\proyectos\SuperIA\tests\Feature\ShoppingListControllerTest.php" line="168" class="Tests\Feature\ShoppingListControllerTest" classname="Tests.Feature.ShoppingListControllerTest" assertions="1" time="0.477326"/>
        <testcase name="test_update_changes_name" file="I:\proyectos\SuperIA\tests\Feature\ShoppingListControllerTest.php" line="182" class="Tests\Feature\ShoppingListControllerTest" classname="Tests.Feature.ShoppingListControllerTest" assertions="2" time="0.469239"/>
        <testcase name="test_update_changes_emoji_and_category" file="I:\proyectos\SuperIA\tests\Feature\ShoppingListControllerTest.php" line="194" class="Tests\Feature\ShoppingListControllerTest" classname="Tests.Feature.ShoppingListControllerTest" assertions="3" time="0.451692"/>
        <testcase name="test_update_denies_other_users_list" file="I:\proyectos\SuperIA\tests\Feature\ShoppingListControllerTest.php" line="207" class="Tests\Feature\ShoppingListControllerTest" classname="Tests.Feature.ShoppingListControllerTest" assertions="1" time="0.464936"/>
        <testcase name="test_archive_changes_status" file="I:\proyectos\SuperIA\tests\Feature\ShoppingListControllerTest.php" line="221" class="Tests\Feature\ShoppingListControllerTest" classname="Tests.Feature.ShoppingListControllerTest" assertions="2" time="0.444572"/>
        <testcase name="test_archive_denies_other_users_list" file="I:\proyectos\SuperIA\tests\Feature\ShoppingListControllerTest.php" line="233" class="Tests\Feature\ShoppingListControllerTest" classname="Tests.Feature.ShoppingListControllerTest" assertions="1" time="0.432551"/>
        <testcase name="test_restore_changes_status_to_active" file="I:\proyectos\SuperIA\tests\Feature\ShoppingListControllerTest.php" line="247" class="Tests\Feature\ShoppingListControllerTest" classname="Tests.Feature.ShoppingListControllerTest" assertions="2" time="0.455510"/>
        <testcase name="test_restore_fails_at_freemium_limit" file="I:\proyectos\SuperIA\tests\Feature\ShoppingListControllerTest.php" line="259" class="Tests\Feature\ShoppingListControllerTest" classname="Tests.Feature.ShoppingListControllerTest" assertions="2" time="0.456331"/>
        <testcase name="test_destroy_deletes_list" file="I:\proyectos\SuperIA\tests\Feature\ShoppingListControllerTest.php" line="274" class="Tests\Feature\ShoppingListControllerTest" classname="Tests.Feature.ShoppingListControllerTest" assertions="3" time="0.447762"/>
        <testcase name="test_destroy_denies_other_users_list" file="I:\proyectos\SuperIA\tests\Feature\ShoppingListControllerTest.php" line="288" class="Tests\Feature\ShoppingListControllerTest" classname="Tests.Feature.ShoppingListControllerTest" assertions="1" time="0.431750"/>
        <testcase name="test_destroy_requires_auth" file="I:\proyectos\SuperIA\tests\Feature\ShoppingListControllerTest.php" line="300" class="Tests\Feature\ShoppingListControllerTest" classname="Tests.Feature.ShoppingListControllerTest" assertions="1" time="0.407522"/>
      </testsuite>
      <testsuite name="Tests\Feature\StatsControllerTest" file="I:\proyectos\SuperIA\tests\Feature\StatsControllerTest.php" tests="5" assertions="13" errors="0" failures="0" skipped="0" time="2.417110">
        <testcase name="test_stats_returns_data_when_enough_lists" file="I:\proyectos\SuperIA\tests\Feature\StatsControllerTest.php" line="22" class="Tests\Feature\StatsControllerTest" classname="Tests.Feature.StatsControllerTest" assertions="3" time="0.584541"/>
        <testcase name="test_stats_returns_not_enough_data" file="I:\proyectos\SuperIA\tests\Feature\StatsControllerTest.php" line="39" class="Tests\Feature\StatsControllerTest" classname="Tests.Feature.StatsControllerTest" assertions="5" time="0.451377"/>
        <testcase name="test_stats_top_products_returns_up_to_10" file="I:\proyectos\SuperIA\tests\Feature\StatsControllerTest.php" line="54" class="Tests\Feature\StatsControllerTest" classname="Tests.Feature.StatsControllerTest" assertions="2" time="0.495676"/>
        <testcase name="test_stats_requires_auth" file="I:\proyectos\SuperIA\tests\Feature\StatsControllerTest.php" line="71" class="Tests\Feature\StatsControllerTest" classname="Tests.Feature.StatsControllerTest" assertions="1" time="0.399644"/>
        <testcase name="test_stats_scoped_to_user" file="I:\proyectos\SuperIA\tests\Feature\StatsControllerTest.php" line="76" class="Tests\Feature\StatsControllerTest" classname="Tests.Feature.StatsControllerTest" assertions="2" time="0.485872"/>
      </testsuite>
      <testsuite name="Tests\Feature\WebauthnTest" file="I:\proyectos\SuperIA\tests\Feature\WebauthnTest.php" tests="28" assertions="60" errors="0" failures="0" skipped="0" time="12.431190">
        <testcase name="test_feature_flag_disabled_returns_404_for_all_endpoints" file="I:\proyectos\SuperIA\tests\Feature\WebauthnTest.php" line="48" class="Tests\Feature\WebauthnTest" classname="Tests.Feature.WebauthnTest" assertions="4" time="0.696872"/>
        <testcase name="test_begin_registration_requires_authentication" file="I:\proyectos\SuperIA\tests\Feature\WebauthnTest.php" line="72" class="Tests\Feature\WebauthnTest" classname="Tests.Feature.WebauthnTest" assertions="1" time="0.384225"/>
        <testcase name="test_list_credentials_requires_authentication" file="I:\proyectos\SuperIA\tests\Feature\WebauthnTest.php" line="78" class="Tests\Feature\WebauthnTest" classname="Tests.Feature.WebauthnTest" assertions="1" time="0.415320"/>
        <testcase name="test_update_credential_requires_authentication" file="I:\proyectos\SuperIA\tests\Feature\WebauthnTest.php" line="84" class="Tests\Feature\WebauthnTest" classname="Tests.Feature.WebauthnTest" assertions="1" time="0.414084"/>
        <testcase name="test_delete_credential_requires_authentication" file="I:\proyectos\SuperIA\tests\Feature\WebauthnTest.php" line="93" class="Tests\Feature\WebauthnTest" classname="Tests.Feature.WebauthnTest" assertions="1" time="0.401123"/>
        <testcase name="test_user_cannot_rename_another_users_credential" file="I:\proyectos\SuperIA\tests\Feature\WebauthnTest.php" line="104" class="Tests\Feature\WebauthnTest" classname="Tests.Feature.WebauthnTest" assertions="2" time="0.441940"/>
        <testcase name="test_user_cannot_delete_another_users_credential" file="I:\proyectos\SuperIA\tests\Feature\WebauthnTest.php" line="117" class="Tests\Feature\WebauthnTest" classname="Tests.Feature.WebauthnTest" assertions="2" time="0.434840"/>
        <testcase name="test_list_credentials_returns_user_credentials_only" file="I:\proyectos\SuperIA\tests\Feature\WebauthnTest.php" line="132" class="Tests\Feature\WebauthnTest" classname="Tests.Feature.WebauthnTest" assertions="5" time="0.463933"/>
        <testcase name="test_list_credentials_empty_returns_empty_array" file="I:\proyectos\SuperIA\tests\Feature\WebauthnTest.php" line="152" class="Tests\Feature\WebauthnTest" classname="Tests.Feature.WebauthnTest" assertions="2" time="0.438853"/>
        <testcase name="test_user_can_rename_own_credential" file="I:\proyectos\SuperIA\tests\Feature\WebauthnTest.php" line="164" class="Tests\Feature\WebauthnTest" classname="Tests.Feature.WebauthnTest" assertions="3" time="0.459580"/>
        <testcase name="test_rename_rejects_empty_name" file="I:\proyectos\SuperIA\tests\Feature\WebauthnTest.php" line="177" class="Tests\Feature\WebauthnTest" classname="Tests.Feature.WebauthnTest" assertions="1" time="0.445894"/>
        <testcase name="test_rename_rejects_name_over_50_chars" file="I:\proyectos\SuperIA\tests\Feature\WebauthnTest.php" line="187" class="Tests\Feature\WebauthnTest" classname="Tests.Feature.WebauthnTest" assertions="1" time="0.434759"/>
        <testcase name="test_user_can_delete_own_credential" file="I:\proyectos\SuperIA\tests\Feature\WebauthnTest.php" line="200" class="Tests\Feature\WebauthnTest" classname="Tests.Feature.WebauthnTest" assertions="2" time="0.432608"/>
        <testcase name="test_begin_registration_returns_options" file="I:\proyectos\SuperIA\tests\Feature\WebauthnTest.php" line="214" class="Tests\Feature\WebauthnTest" classname="Tests.Feature.WebauthnTest" assertions="6" time="0.516045"/>
        <testcase name="test_begin_registration_excludes_existing_credentials" file="I:\proyectos\SuperIA\tests\Feature\WebauthnTest.php" line="230" class="Tests\Feature\WebauthnTest" classname="Tests.Feature.WebauthnTest" assertions="2" time="0.453070"/>
        <testcase name="test_begin_authentication_with_email_returns_allow_credentials" file="I:\proyectos\SuperIA\tests\Feature\WebauthnTest.php" line="246" class="Tests\Feature\WebauthnTest" classname="Tests.Feature.WebauthnTest" assertions="4" time="0.422189"/>
        <testcase name="test_begin_authentication_without_email_returns_empty_allow_credentials" file="I:\proyectos\SuperIA\tests\Feature\WebauthnTest.php" line="262" class="Tests\Feature\WebauthnTest" classname="Tests.Feature.WebauthnTest" assertions="2" time="0.410054"/>
        <testcase name="test_begin_authentication_unknown_email_returns_empty_allow_credentials" file="I:\proyectos\SuperIA\tests\Feature\WebauthnTest.php" line="272" class="Tests\Feature\WebauthnTest" classname="Tests.Feature.WebauthnTest" assertions="2" time="0.411516"/>
        <testcase name="test_begin_authentication_rejects_invalid_email_format" file="I:\proyectos\SuperIA\tests\Feature\WebauthnTest.php" line="282" class="Tests\Feature\WebauthnTest" classname="Tests.Feature.WebauthnTest" assertions="1" time="0.403735"/>
        <testcase name="test_complete_registration_requires_handle_and_credential" file="I:\proyectos\SuperIA\tests\Feature\WebauthnTest.php" line="291" class="Tests\Feature\WebauthnTest" classname="Tests.Feature.WebauthnTest" assertions="1" time="0.458820"/>
        <testcase name="test_complete_registration_rejects_invalid_name" file="I:\proyectos\SuperIA\tests\Feature\WebauthnTest.php" line="300" class="Tests\Feature\WebauthnTest" classname="Tests.Feature.WebauthnTest" assertions="1" time="0.438374"/>
        <testcase name="test_complete_authentication_rejects_invalid_handle" file="I:\proyectos\SuperIA\tests\Feature\WebauthnTest.php" line="313" class="Tests\Feature\WebauthnTest" classname="Tests.Feature.WebauthnTest" assertions="1" time="0.422423"/>
        <testcase name="test_complete_registration_with_expired_handle_fails" file="I:\proyectos\SuperIA\tests\Feature\WebauthnTest.php" line="323" class="Tests\Feature\WebauthnTest" classname="Tests.Feature.WebauthnTest" assertions="2" time="0.432930"/>
        <testcase name="test_complete_authentication_with_expired_handle_fails" file="I:\proyectos\SuperIA\tests\Feature\WebauthnTest.php" line="343" class="Tests\Feature\WebauthnTest" classname="Tests.Feature.WebauthnTest" assertions="1" time="0.393075"/>
        <testcase name="test_password_reset_revokes_all_webauthn_credentials" file="I:\proyectos\SuperIA\tests\Feature\WebauthnTest.php" line="363" class="Tests\Feature\WebauthnTest" classname="Tests.Feature.WebauthnTest" assertions="3" time="0.462163"/>
        <testcase name="test_password_reset_does_not_affect_other_users_credentials" file="I:\proyectos\SuperIA\tests\Feature\WebauthnTest.php" line="382" class="Tests\Feature\WebauthnTest" classname="Tests.Feature.WebauthnTest" assertions="3" time="0.466337"/>
        <testcase name="test_password_change_from_profile_does_not_revoke_credentials" file="I:\proyectos\SuperIA\tests\Feature\WebauthnTest.php" line="403" class="Tests\Feature\WebauthnTest" classname="Tests.Feature.WebauthnTest" assertions="2" time="0.465926"/>
        <testcase name="test_revoke_all_for_user_deletes_only_that_users_credentials" file="I:\proyectos\SuperIA\tests\Feature\WebauthnTest.php" line="422" class="Tests\Feature\WebauthnTest" classname="Tests.Feature.WebauthnTest" assertions="3" time="0.410501"/>
      </testsuite>
      <testsuite name="Tests\Feature\WeeklySummaryEndpointsTest" file="I:\proyectos\SuperIA\tests\Feature\WeeklySummaryEndpointsTest.php" tests="19" assertions="38" errors="0" failures="0" skipped="0" time="8.395825">
        <testcase name="test_latest_returns_current_week_summary" file="I:\proyectos\SuperIA\tests\Feature\WeeklySummaryEndpointsTest.php" line="32" class="Tests\Feature\WeeklySummaryEndpointsTest" classname="Tests.Feature.WeeklySummaryEndpointsTest" assertions="3" time="0.528451"/>
        <testcase name="test_latest_returns_404_when_no_summary_this_week" file="I:\proyectos\SuperIA\tests\Feature\WeeklySummaryEndpointsTest.php" line="49" class="Tests\Feature\WeeklySummaryEndpointsTest" classname="Tests.Feature.WeeklySummaryEndpointsTest" assertions="2" time="0.444234"/>
        <testcase name="test_latest_returns_404_when_dismissed" file="I:\proyectos\SuperIA\tests\Feature\WeeklySummaryEndpointsTest.php" line="60" class="Tests\Feature\WeeklySummaryEndpointsTest" classname="Tests.Feature.WeeklySummaryEndpointsTest" assertions="2" time="0.465286"/>
        <testcase name="test_latest_returns_404_when_summary_failed" file="I:\proyectos\SuperIA\tests\Feature\WeeklySummaryEndpointsTest.php" line="78" class="Tests\Feature\WeeklySummaryEndpointsTest" classname="Tests.Feature.WeeklySummaryEndpointsTest" assertions="2" time="0.437832"/>
        <testcase name="test_latest_requires_auth" file="I:\proyectos\SuperIA\tests\Feature\WeeklySummaryEndpointsTest.php" line="93" class="Tests\Feature\WeeklySummaryEndpointsTest" classname="Tests.Feature.WeeklySummaryEndpointsTest" assertions="1" time="0.408459"/>
        <testcase name="test_dismiss_marks_banner_as_dismissed" file="I:\proyectos\SuperIA\tests\Feature\WeeklySummaryEndpointsTest.php" line="100" class="Tests\Feature\WeeklySummaryEndpointsTest" classname="Tests.Feature.WeeklySummaryEndpointsTest" assertions="2" time="0.418992"/>
        <testcase name="test_dismiss_requires_auth" file="I:\proyectos\SuperIA\tests\Feature\WeeklySummaryEndpointsTest.php" line="111" class="Tests\Feature\WeeklySummaryEndpointsTest" classname="Tests.Feature.WeeklySummaryEndpointsTest" assertions="1" time="0.382732"/>
        <testcase name="test_convert_to_list_creates_new_list" file="I:\proyectos\SuperIA\tests\Feature\WeeklySummaryEndpointsTest.php" line="118" class="Tests\Feature\WeeklySummaryEndpointsTest" classname="Tests.Feature.WeeklySummaryEndpointsTest" assertions="3" time="0.483187"/>
        <testcase name="test_convert_to_list_returns_403_when_freemium_limit_hit" file="I:\proyectos\SuperIA\tests\Feature\WeeklySummaryEndpointsTest.php" line="134" class="Tests\Feature\WeeklySummaryEndpointsTest" classname="Tests.Feature.WeeklySummaryEndpointsTest" assertions="2" time="0.465165"/>
        <testcase name="test_convert_to_list_returns_404_for_other_users_summary" file="I:\proyectos\SuperIA\tests\Feature\WeeklySummaryEndpointsTest.php" line="150" class="Tests\Feature\WeeklySummaryEndpointsTest" classname="Tests.Feature.WeeklySummaryEndpointsTest" assertions="1" time="0.463571"/>
        <testcase name="test_convert_to_list_requires_auth" file="I:\proyectos\SuperIA\tests\Feature\WeeklySummaryEndpointsTest.php" line="162" class="Tests\Feature\WeeklySummaryEndpointsTest" classname="Tests.Feature.WeeklySummaryEndpointsTest" assertions="1" time="0.413608"/>
        <testcase name="test_toggle_email_opts_in" file="I:\proyectos\SuperIA\tests\Feature\WeeklySummaryEndpointsTest.php" line="170" class="Tests\Feature\WeeklySummaryEndpointsTest" classname="Tests.Feature.WeeklySummaryEndpointsTest" assertions="3" time="0.454540"/>
        <testcase name="test_toggle_email_opts_out" file="I:\proyectos\SuperIA\tests\Feature\WeeklySummaryEndpointsTest.php" line="181" class="Tests\Feature\WeeklySummaryEndpointsTest" classname="Tests.Feature.WeeklySummaryEndpointsTest" assertions="3" time="0.446421"/>
        <testcase name="test_toggle_email_rejects_missing_enabled_field" file="I:\proyectos\SuperIA\tests\Feature\WeeklySummaryEndpointsTest.php" line="192" class="Tests\Feature\WeeklySummaryEndpointsTest" classname="Tests.Feature.WeeklySummaryEndpointsTest" assertions="1" time="0.418134"/>
        <testcase name="test_toggle_email_requires_auth" file="I:\proyectos\SuperIA\tests\Feature\WeeklySummaryEndpointsTest.php" line="202" class="Tests\Feature\WeeklySummaryEndpointsTest" classname="Tests.Feature.WeeklySummaryEndpointsTest" assertions="1" time="0.382997"/>
        <testcase name="test_unsubscribe_valid_signed_url_flips_opt_out" file="I:\proyectos\SuperIA\tests\Feature\WeeklySummaryEndpointsTest.php" line="209" class="Tests\Feature\WeeklySummaryEndpointsTest" classname="Tests.Feature.WeeklySummaryEndpointsTest" assertions="3" time="0.446976"/>
        <testcase name="test_unsubscribe_expired_signed_url_rejected" file="I:\proyectos\SuperIA\tests\Feature\WeeklySummaryEndpointsTest.php" line="225" class="Tests\Feature\WeeklySummaryEndpointsTest" classname="Tests.Feature.WeeklySummaryEndpointsTest" assertions="2" time="0.448477"/>
        <testcase name="test_unsubscribe_tampered_signature_rejected" file="I:\proyectos\SuperIA\tests\Feature\WeeklySummaryEndpointsTest.php" line="240" class="Tests\Feature\WeeklySummaryEndpointsTest" classname="Tests.Feature.WeeklySummaryEndpointsTest" assertions="2" time="0.433059"/>
        <testcase name="test_unsubscribe_replay_is_idempotent" file="I:\proyectos\SuperIA\tests\Feature\WeeklySummaryEndpointsTest.php" line="256" class="Tests\Feature\WeeklySummaryEndpointsTest" classname="Tests.Feature.WeeklySummaryEndpointsTest" assertions="3" time="0.453704"/>
      </testsuite>
    </testsuite>
  </testsuite>
</testsuites>
